# JRE version: Java(TM) SE Runtime Environment (19.0.2+7) (build 19.0.2+7-44)
# Java VM: Java HotSpot(TM) 64-Bit Server VM (19.0.2+7-44, mixed mode, sharing, tiered, compressed oops, compressed class ptrs, g1 gc, windows-amd64)
GC Precious Log:
 CardTable entry size: 512
 Card Set container configuration: InlinePtr #cards 4 size 8 Array Of Cards #cards 16 size 48 Howl #buckets 8 coarsen threshold 3686 Howl Bitmap #cards 512 size 80 coarsen threshold 460 Card regions per heap region 1 cards per card region 4096
 CPUs: 16 total, 16 available
 Memory: 16004M
 Large Page Support: Disabled
 NUMA Support: Disabled
 Compressed Oops: Enabled (Zero based)
 Heap Region Size: 2M
 Heap Min Capacity: 8M
 Heap Initial Capacity: 252M
 Heap Max Capacity: 4002M
 Pre-touch: Disabled
 Parallel Workers: 13
 Concurrent Workers: 3
 Concurrent Refinement Workers: 13
 Periodic GC: Disabled
Heap:
 garbage-first heap   total 153600K, used 81111K [0x0000000705e00000, 0x0000000800000000)
  region size 2048K, 9 young (18432K), 1 survivors (2048K)
 Metaspace       used 35425K, committed 36032K, reserved 1114112K
  class space    used 3788K, committed 4096K, reserved 1048576K
GC Heap History (20 events):
Event: 2.954 GC heap before
{Heap before GC invocations=4 (full 0):
 garbage-first heap   total 90112K, used 59762K [0x0000000705e00000, 0x0000000800000000)
  region size 2048K, 26 young (53248K), 8 survivors (16384K)
 Metaspace       used 26510K, committed 26880K, reserved 1114112K
  class space    used 2889K, committed 3072K, reserved 1048576K
}
Event: 2.962 GC heap after
{Heap after GC invocations=5 (full 0):
 garbage-first heap   total 90112K, used 32611K [0x0000000705e00000, 0x0000000800000000)
  region size 2048K, 4 young (8192K), 4 survivors (8192K)
 Metaspace       used 26510K, committed 26880K, reserved 1114112K
  class space    used 2889K, committed 3072K, reserved 1048576K
}
Event: 2.997 GC heap before
{Heap before GC invocations=5 (full 0):
 garbage-first heap   total 90112K, used 34659K [0x0000000705e00000, 0x0000000800000000)
  region size 2048K, 5 young (10240K), 4 survivors (8192K)
 Metaspace       used 26646K, committed 27008K, reserved 1114112K
  class space    used 2909K, committed 3072K, reserved 1048576K
}
Event: 3.001 GC heap after
{Heap after GC invocations=6 (full 0):
 garbage-first heap   total 90112K, used 34213K [0x0000000705e00000, 0x0000000800000000)
  region size 2048K, 1 young (2048K), 1 survivors (2048K)
 Metaspace       used 26646K, committed 27008K, reserved 1114112K
  class space    used 2909K, committed 3072K, reserved 1048576K
}
Event: 3.174 GC heap before
{Heap before GC invocations=6 (full 0):
 garbage-first heap   total 90112K, used 58789K [0x0000000705e00000, 0x0000000800000000)
  region size 2048K, 14 young (28672K), 1 survivors (2048K)
 Metaspace       used 27215K, committed 27584K, reserved 1114112K
  class space    used 2956K, committed 3136K, reserved 1048576K
}
Event: 3.178 GC heap after
{Heap after GC invocations=7 (full 0):
 garbage-first heap   total 90112K, used 38712K [0x0000000705e00000, 0x0000000800000000)
  region size 2048K, 2 young (4096K), 2 survivors (4096K)
 Metaspace       used 27215K, committed 27584K, reserved 1114112K
  class space    used 2956K, committed 3136K, reserved 1048576K
}
Event: 3.440 GC heap before
{Heap before GC invocations=7 (full 0):
 garbage-first heap   total 90112K, used 61240K [0x0000000705e00000, 0x0000000800000000)
  region size 2048K, 14 young (28672K), 2 survivors (4096K)
 Metaspace       used 28324K, committed 28672K, reserved 1114112K
  class space    used 3071K, committed 3200K, reserved 1048576K
}
Event: 3.445 GC heap after
{Heap after GC invocations=8 (full 0):
 garbage-first heap   total 126976K, used 41482K [0x0000000705e00000, 0x0000000800000000)
  region size 2048K, 2 young (4096K), 2 survivors (4096K)
 Metaspace       used 28324K, committed 28672K, reserved 1114112K
  class space    used 3071K, committed 3200K, reserved 1048576K
}
Event: 3.857 GC heap before
{Heap before GC invocations=8 (full 0):
 garbage-first heap   total 126976K, used 86538K [0x0000000705e00000, 0x0000000800000000)
  region size 2048K, 25 young (51200K), 2 survivors (4096K)
 Metaspace       used 30089K, committed 30592K, reserved 1114112K
  class space    used 3258K, committed 3520K, reserved 1048576K
}
Event: 3.863 GC heap after
{Heap after GC invocations=9 (full 0):
 garbage-first heap   total 126976K, used 42632K [0x0000000705e00000, 0x0000000800000000)
  region size 2048K, 2 young (4096K), 2 survivors (4096K)
 Metaspace       used 30089K, committed 30592K, reserved 1114112K
  class space    used 3258K, committed 3520K, reserved 1048576K
}
Event: 4.031 GC heap before
{Heap before GC invocations=9 (full 0):
 garbage-first heap   total 126976K, used 93832K [0x0000000705e00000, 0x0000000800000000)
  region size 2048K, 27 young (55296K), 2 survivors (4096K)
 Metaspace       used 30417K, committed 30976K, reserved 1114112K
  class space    used 3267K, committed 3520K, reserved 1048576K
}
Event: 4.036 GC heap after
{Heap after GC invocations=10 (full 0):
 garbage-first heap   total 126976K, used 43219K [0x0000000705e00000, 0x0000000800000000)
  region size 2048K, 3 young (6144K), 3 survivors (6144K)
 Metaspace       used 30417K, committed 30976K, reserved 1114112K
  class space    used 3267K, committed 3520K, reserved 1048576K
}
Event: 4.842 GC heap before
{Heap before GC invocations=10 (full 0):
 garbage-first heap   total 126976K, used 96467K [0x0000000705e00000, 0x0000000800000000)
  region size 2048K, 28 young (57344K), 3 survivors (6144K)
 Metaspace       used 32907K, committed 33472K, reserved 1114112K
  class space    used 3536K, committed 3840K, reserved 1048576K
}
Event: 4.851 GC heap after
{Heap after GC invocations=11 (full 0):
 garbage-first heap   total 126976K, used 55156K [0x0000000705e00000, 0x0000000800000000)
  region size 2048K, 4 young (8192K), 4 survivors (8192K)
 Metaspace       used 32907K, committed 33472K, reserved 1114112K
  class space    used 3536K, committed 3840K, reserved 1048576K
}
Event: 5.130 GC heap before
{Heap before GC invocations=11 (full 0):
 garbage-first heap   total 126976K, used 94068K [0x0000000705e00000, 0x0000000800000000)
  region size 2048K, 24 young (49152K), 4 survivors (8192K)
 Metaspace       used 33361K, committed 33984K, reserved 1114112K
  class space    used 3569K, committed 3904K, reserved 1048576K
}
Event: 5.140 GC heap after
{Heap after GC invocations=12 (full 0):
 garbage-first heap   total 153600K, used 66422K [0x0000000705e00000, 0x0000000800000000)
  region size 2048K, 3 young (6144K), 3 survivors (6144K)
 Metaspace       used 33361K, committed 33984K, reserved 1114112K
  class space    used 3569K, committed 3904K, reserved 1048576K
}
Event: 5.490 GC heap before
{Heap before GC invocations=12 (full 0):
 garbage-first heap   total 153600K, used 107382K [0x0000000705e00000, 0x0000000800000000)
  region size 2048K, 24 young (49152K), 3 survivors (6144K)
 Metaspace       used 34803K, committed 35456K, reserved 1114112K
  class space    used 3724K, committed 4032K, reserved 1048576K
}
Event: 5.492 GC heap after
{Heap after GC invocations=13 (full 0):
 garbage-first heap   total 153600K, used 66606K [0x0000000705e00000, 0x0000000800000000)
  region size 2048K, 1 young (2048K), 1 survivors (2048K)
 Metaspace       used 34803K, committed 35456K, reserved 1114112K
  class space    used 3724K, committed 4032K, reserved 1048576K
}
Event: 5.566 GC heap before
{Heap before GC invocations=13 (full 0):
 garbage-first heap   total 153600K, used 70702K [0x0000000705e00000, 0x0000000800000000)
  region size 2048K, 4 young (8192K), 1 survivors (2048K)
 Metaspace       used 35541K, committed 36160K, reserved 1114112K
  class space    used 3791K, committed 4096K, reserved 1048576K
}
Event: 5.567 GC heap after
{Heap after GC invocations=14 (full 0):
 garbage-first heap   total 153600K, used 66775K [0x0000000705e00000, 0x0000000800000000)
  region size 2048K, 1 young (2048K), 1 survivors (2048K)
 Metaspace       used 35541K, committed 36160K, reserved 1114112K
  class space    used 3791K, committed 4096K, reserved 1048576K
}

