# JRE version: Java(TM) SE Runtime Environment (19.0.2+7) (build 19.0.2+7-44)
# Java VM: Java HotSpot(TM) 64-Bit Server VM (19.0.2+7-44, mixed mode, sharing, tiered, compressed oops, compressed class ptrs, g1 gc, windows-amd64)
GC Precious Log:
 CardTable entry size: 512
 Card Set container configuration: InlinePtr #cards 4 size 8 Array Of Cards #cards 16 size 48 Howl #buckets 8 coarsen threshold 3686 Howl Bitmap #cards 512 size 80 coarsen threshold 460 Card regions per heap region 1 cards per card region 4096
 CPUs: 16 total, 16 available
 Memory: 16005M
 Large Page Support: Disabled
 NUMA Support: Disabled
 Compressed Oops: Enabled (Zero based)
 Heap Region Size: 2M
 Heap Min Capacity: 8M
 Heap Initial Capacity: 252M
 Heap Max Capacity: 4002M
 Pre-touch: Disabled
 Parallel Workers: 13
 Concurrent Workers: 3
 Concurrent Refinement Workers: 13
 Periodic GC: Disabled
Heap:
 garbage-first heap   total 155648K, used 105078K [0x0000000705e00000, 0x0000000800000000)
  region size 2048K, 20 young (40960K), 1 survivors (2048K)
 Metaspace       used 35467K, committed 35968K, reserved 1114112K
  class space    used 3784K, committed 4032K, reserved 1048576K
GC Heap History (20 events):
Event: 2.533 GC heap before
{Heap before GC invocations=2 (full 0):
 garbage-first heap   total 258048K, used 142819K [0x0000000705e00000, 0x0000000800000000)
  region size 2048K, 67 young (137216K), 1 survivors (2048K)
 Metaspace       used 21247K, committed 21504K, reserved 1114112K
  class space    used 2302K, committed 2432K, reserved 1048576K
}
Event: 2.539 GC heap after
{Heap after GC invocations=3 (full 0):
 garbage-first heap   total 258048K, used 22968K [0x0000000705e00000, 0x0000000800000000)
  region size 2048K, 8 young (16384K), 8 survivors (16384K)
 Metaspace       used 21247K, committed 21504K, reserved 1114112K
  class space    used 2302K, committed 2432K, reserved 1048576K
}
Event: 2.957 GC heap before
{Heap before GC invocations=4 (full 0):
 garbage-first heap   total 90112K, used 57784K [0x0000000705e00000, 0x0000000800000000)
  region size 2048K, 26 young (53248K), 8 survivors (16384K)
 Metaspace       used 26595K, committed 26880K, reserved 1114112K
  class space    used 2895K, committed 3008K, reserved 1048576K
}
Event: 2.967 GC heap after
{Heap after GC invocations=5 (full 0):
 garbage-first heap   total 90112K, used 32425K [0x0000000705e00000, 0x0000000800000000)
  region size 2048K, 4 young (8192K), 4 survivors (8192K)
 Metaspace       used 26595K, committed 26880K, reserved 1114112K
  class space    used 2895K, committed 3008K, reserved 1048576K
}
Event: 3.001 GC heap before
{Heap before GC invocations=5 (full 0):
 garbage-first heap   total 90112K, used 34473K [0x0000000705e00000, 0x0000000800000000)
  region size 2048K, 5 young (10240K), 4 survivors (8192K)
 Metaspace       used 26751K, committed 27136K, reserved 1114112K
  class space    used 2916K, committed 3072K, reserved 1048576K
}
Event: 3.005 GC heap after
{Heap after GC invocations=6 (full 0):
 garbage-first heap   total 90112K, used 35136K [0x0000000705e00000, 0x0000000800000000)
  region size 2048K, 1 young (2048K), 1 survivors (2048K)
 Metaspace       used 26751K, committed 27136K, reserved 1114112K
  class space    used 2916K, committed 3072K, reserved 1048576K
}
Event: 3.132 GC heap before
{Heap before GC invocations=6 (full 0):
 garbage-first heap   total 90112K, used 61760K [0x0000000705e00000, 0x0000000800000000)
  region size 2048K, 14 young (28672K), 1 survivors (2048K)
 Metaspace       used 27292K, committed 27584K, reserved 1114112K
  class space    used 2962K, committed 3072K, reserved 1048576K
}
Event: 3.136 GC heap after
{Heap after GC invocations=7 (full 0):
 garbage-first heap   total 90112K, used 39868K [0x0000000705e00000, 0x0000000800000000)
  region size 2048K, 2 young (4096K), 2 survivors (4096K)
 Metaspace       used 27292K, committed 27584K, reserved 1114112K
  class space    used 2962K, committed 3072K, reserved 1048576K
}
Event: 3.402 GC heap before
{Heap before GC invocations=7 (full 0):
 garbage-first heap   total 90112K, used 62396K [0x0000000705e00000, 0x0000000800000000)
  region size 2048K, 14 young (28672K), 2 survivors (4096K)
 Metaspace       used 28622K, committed 28992K, reserved 1114112K
  class space    used 3095K, committed 3264K, reserved 1048576K
}
Event: 3.406 GC heap after
{Heap after GC invocations=8 (full 0):
 garbage-first heap   total 129024K, used 42705K [0x0000000705e00000, 0x0000000800000000)
  region size 2048K, 2 young (4096K), 2 survivors (4096K)
 Metaspace       used 28622K, committed 28992K, reserved 1114112K
  class space    used 3095K, committed 3264K, reserved 1048576K
}
Event: 3.739 GC heap before
{Heap before GC invocations=8 (full 0):
 garbage-first heap   total 129024K, used 87761K [0x0000000705e00000, 0x0000000800000000)
  region size 2048K, 25 young (51200K), 2 survivors (4096K)
 Metaspace       used 30198K, committed 30720K, reserved 1114112K
  class space    used 3262K, committed 3520K, reserved 1048576K
}
Event: 3.742 GC heap after
{Heap after GC invocations=9 (full 0):
 garbage-first heap   total 129024K, used 43762K [0x0000000705e00000, 0x0000000800000000)
  region size 2048K, 2 young (4096K), 2 survivors (4096K)
 Metaspace       used 30198K, committed 30720K, reserved 1114112K
  class space    used 3262K, committed 3520K, reserved 1048576K
}
Event: 4.136 GC heap before
{Heap before GC invocations=9 (full 0):
 garbage-first heap   total 129024K, used 92914K [0x0000000705e00000, 0x0000000800000000)
  region size 2048K, 26 young (53248K), 2 survivors (4096K)
 Metaspace       used 31917K, committed 32512K, reserved 1114112K
  class space    used 3454K, committed 3712K, reserved 1048576K
}
Event: 4.141 GC heap after
{Heap after GC invocations=10 (full 0):
 garbage-first heap   total 129024K, used 45244K [0x0000000705e00000, 0x0000000800000000)
  region size 2048K, 3 young (6144K), 3 survivors (6144K)
 Metaspace       used 31917K, committed 32512K, reserved 1114112K
  class space    used 3454K, committed 3712K, reserved 1048576K
}
Event: 4.574 GC heap before
{Heap before GC invocations=10 (full 0):
 garbage-first heap   total 129024K, used 100540K [0x0000000705e00000, 0x0000000800000000)
  region size 2048K, 28 young (57344K), 3 survivors (6144K)
 Metaspace       used 32910K, committed 33472K, reserved 1114112K
  class space    used 3532K, committed 3776K, reserved 1048576K
}
Event: 4.580 GC heap after
{Heap after GC invocations=11 (full 0):
 garbage-first heap   total 129024K, used 60107K [0x0000000705e00000, 0x0000000800000000)
  region size 2048K, 4 young (8192K), 4 survivors (8192K)
 Metaspace       used 32910K, committed 33472K, reserved 1114112K
  class space    used 3532K, committed 3776K, reserved 1048576K
}
Event: 4.861 GC heap before
{Heap before GC invocations=11 (full 0):
 garbage-first heap   total 129024K, used 90827K [0x0000000705e00000, 0x0000000800000000)
  region size 2048K, 20 young (40960K), 4 survivors (8192K)
 Metaspace       used 33338K, committed 33920K, reserved 1114112K
  class space    used 3564K, committed 3840K, reserved 1048576K
}
Event: 4.867 GC heap after
{Heap after GC invocations=12 (full 0):
 garbage-first heap   total 129024K, used 68558K [0x0000000705e00000, 0x0000000800000000)
  region size 2048K, 3 young (6144K), 3 survivors (6144K)
 Metaspace       used 33338K, committed 33920K, reserved 1114112K
  class space    used 3564K, committed 3840K, reserved 1048576K
}
Event: 5.126 GC heap before
{Heap before GC invocations=12 (full 0):
 garbage-first heap   total 129024K, used 93134K [0x0000000705e00000, 0x0000000800000000)
  region size 2048K, 16 young (32768K), 3 survivors (6144K)
 Metaspace       used 34318K, committed 34880K, reserved 1114112K
  class space    used 3688K, committed 3968K, reserved 1048576K
}
Event: 5.128 GC heap after
{Heap after GC invocations=13 (full 0):
 garbage-first heap   total 155648K, used 68214K [0x0000000705e00000, 0x0000000800000000)
  region size 2048K, 1 young (2048K), 1 survivors (2048K)
 Metaspace       used 34318K, committed 34880K, reserved 1114112K
  class space    used 3688K, committed 3968K, reserved 1048576K
}

