# JRE version: Java(TM) SE Runtime Environment (19.0.2+7) (build 19.0.2+7-44)
# Java VM: Java HotSpot(TM) 64-Bit Server VM (19.0.2+7-44, mixed mode, sharing, tiered, compressed oops, compressed class ptrs, g1 gc, windows-amd64)
GC Precious Log:
 CardTable entry size: 512
 Card Set container configuration: InlinePtr #cards 4 size 8 Array Of Cards #cards 16 size 48 Howl #buckets 8 coarsen threshold 3686 Howl Bitmap #cards 512 size 80 coarsen threshold 460 Card regions per heap region 1 cards per card region 4096
 CPUs: 16 total, 16 available
 Memory: 16005M
 Large Page Support: Disabled
 NUMA Support: Disabled
 Compressed Oops: Enabled (Zero based)
 Heap Region Size: 2M
 Heap Min Capacity: 8M
 Heap Initial Capacity: 252M
 Heap Max Capacity: 4002M
 Pre-touch: Disabled
 Parallel Workers: 13
 Concurrent Workers: 3
 Concurrent Refinement Workers: 13
 Periodic GC: Disabled
Heap:
 garbage-first heap   total 137216K, used 69967K [0x0000000705e00000, 0x0000000800000000)
  region size 2048K, 5 young (10240K), 1 survivors (2048K)
 Metaspace       used 36945K, committed 37504K, reserved 1114112K
  class space    used 3959K, committed 4224K, reserved 1048576K
GC Heap History (20 events):
Event: 2.623 GC heap before
{Heap before GC invocations=4 (full 0):
 garbage-first heap   total 90112K, used 57592K [0x0000000705e00000, 0x0000000800000000)
  region size 2048K, 26 young (53248K), 8 survivors (16384K)
 Metaspace       used 26637K, committed 27008K, reserved 1114112K
  class space    used 2915K, committed 3072K, reserved 1048576K
}
Event: 2.630 GC heap after
{Heap after GC invocations=5 (full 0):
 garbage-first heap   total 90112K, used 32768K [0x0000000705e00000, 0x0000000800000000)
  region size 2048K, 4 young (8192K), 4 survivors (8192K)
 Metaspace       used 26637K, committed 27008K, reserved 1114112K
  class space    used 2915K, committed 3072K, reserved 1048576K
}
Event: 2.656 GC heap before
{Heap before GC invocations=5 (full 0):
 garbage-first heap   total 90112K, used 34816K [0x0000000705e00000, 0x0000000800000000)
  region size 2048K, 5 young (10240K), 4 survivors (8192K)
 Metaspace       used 26801K, committed 27136K, reserved 1114112K
  class space    used 2935K, committed 3072K, reserved 1048576K
}
Event: 2.660 GC heap after
{Heap after GC invocations=6 (full 0):
 garbage-first heap   total 90112K, used 34195K [0x0000000705e00000, 0x0000000800000000)
  region size 2048K, 1 young (2048K), 1 survivors (2048K)
 Metaspace       used 26801K, committed 27136K, reserved 1114112K
  class space    used 2935K, committed 3072K, reserved 1048576K
}
Event: 2.757 GC heap before
{Heap before GC invocations=6 (full 0):
 garbage-first heap   total 90112K, used 60819K [0x0000000705e00000, 0x0000000800000000)
  region size 2048K, 14 young (28672K), 1 survivors (2048K)
 Metaspace       used 27170K, committed 27520K, reserved 1114112K
  class space    used 2955K, committed 3072K, reserved 1048576K
}
Event: 2.761 GC heap after
{Heap after GC invocations=7 (full 0):
 garbage-first heap   total 90112K, used 38912K [0x0000000705e00000, 0x0000000800000000)
  region size 2048K, 2 young (4096K), 2 survivors (4096K)
 Metaspace       used 27170K, committed 27520K, reserved 1114112K
  class space    used 2955K, committed 3072K, reserved 1048576K
}
Event: 3.026 GC heap before
{Heap before GC invocations=7 (full 0):
 garbage-first heap   total 90112K, used 61440K [0x0000000705e00000, 0x0000000800000000)
  region size 2048K, 14 young (28672K), 2 survivors (4096K)
 Metaspace       used 28882K, committed 29184K, reserved 1114112K
  class space    used 3143K, committed 3264K, reserved 1048576K
}
Event: 3.030 GC heap after
{Heap after GC invocations=8 (full 0):
 garbage-first heap   total 90112K, used 40189K [0x0000000705e00000, 0x0000000800000000)
  region size 2048K, 1 young (2048K), 1 survivors (2048K)
 Metaspace       used 28882K, committed 29184K, reserved 1114112K
  class space    used 3143K, committed 3264K, reserved 1048576K
}
Event: 3.220 GC heap before
{Heap before GC invocations=8 (full 0):
 garbage-first heap   total 90112K, used 64765K [0x0000000705e00000, 0x0000000800000000)
  region size 2048K, 13 young (26624K), 1 survivors (2048K)
 Metaspace       used 29667K, committed 30080K, reserved 1114112K
  class space    used 3239K, committed 3456K, reserved 1048576K
}
Event: 3.222 GC heap after
{Heap after GC invocations=9 (full 0):
 garbage-first heap   total 137216K, used 40788K [0x0000000705e00000, 0x0000000800000000)
  region size 2048K, 1 young (2048K), 1 survivors (2048K)
 Metaspace       used 29667K, committed 30080K, reserved 1114112K
  class space    used 3239K, committed 3456K, reserved 1048576K
}
Event: 3.816 GC heap before
{Heap before GC invocations=10 (full 0):
 garbage-first heap   total 137216K, used 98132K [0x0000000705e00000, 0x0000000800000000)
  region size 2048K, 29 young (59392K), 1 survivors (2048K)
 Metaspace       used 31998K, committed 32512K, reserved 1114112K
  class space    used 3475K, committed 3712K, reserved 1048576K
}
Event: 3.820 GC heap after
{Heap after GC invocations=11 (full 0):
 garbage-first heap   total 137216K, used 42462K [0x0000000705e00000, 0x0000000800000000)
  region size 2048K, 2 young (4096K), 2 survivors (4096K)
 Metaspace       used 31998K, committed 32512K, reserved 1114112K
  class space    used 3475K, committed 3712K, reserved 1048576K
}
Event: 3.826 GC heap before
{Heap before GC invocations=11 (full 0):
 garbage-first heap   total 137216K, used 44510K [0x0000000705e00000, 0x0000000800000000)
  region size 2048K, 3 young (6144K), 2 survivors (4096K)
 Metaspace       used 32008K, committed 32512K, reserved 1114112K
  class space    used 3475K, committed 3712K, reserved 1048576K
}
Event: 3.829 GC heap after
{Heap after GC invocations=12 (full 0):
 garbage-first heap   total 137216K, used 41490K [0x0000000705e00000, 0x0000000800000000)
  region size 2048K, 1 young (2048K), 1 survivors (2048K)
 Metaspace       used 32008K, committed 32512K, reserved 1114112K
  class space    used 3475K, committed 3712K, reserved 1048576K
}
Event: 4.150 GC heap before
{Heap before GC invocations=12 (full 0):
 garbage-first heap   total 137216K, used 102930K [0x0000000705e00000, 0x0000000800000000)
  region size 2048K, 30 young (61440K), 1 survivors (2048K)
 Metaspace       used 32505K, committed 33024K, reserved 1114112K
  class space    used 3503K, committed 3712K, reserved 1048576K
}
Event: 4.155 GC heap after
{Heap after GC invocations=13 (full 0):
 garbage-first heap   total 137216K, used 57344K [0x0000000705e00000, 0x0000000800000000)
  region size 2048K, 4 young (8192K), 4 survivors (8192K)
 Metaspace       used 32505K, committed 33024K, reserved 1114112K
  class space    used 3503K, committed 3712K, reserved 1048576K
}
Event: 4.485 GC heap before
{Heap before GC invocations=13 (full 0):
 garbage-first heap   total 137216K, used 100352K [0x0000000705e00000, 0x0000000800000000)
  region size 2048K, 25 young (51200K), 4 survivors (8192K)
 Metaspace       used 33778K, committed 34304K, reserved 1114112K
  class space    used 3649K, committed 3904K, reserved 1048576K
}
Event: 4.490 GC heap after
{Heap after GC invocations=14 (full 0):
 garbage-first heap   total 137216K, used 63121K [0x0000000705e00000, 0x0000000800000000)
  region size 2048K, 3 young (6144K), 3 survivors (6144K)
 Metaspace       used 33778K, committed 34304K, reserved 1114112K
  class space    used 3649K, committed 3904K, reserved 1048576K
}
Event: 4.875 GC heap before
{Heap before GC invocations=14 (full 0):
 garbage-first heap   total 137216K, used 102033K [0x0000000705e00000, 0x0000000800000000)
  region size 2048K, 22 young (45056K), 3 survivors (6144K)
 Metaspace       used 35749K, committed 36352K, reserved 1114112K
  class space    used 3811K, committed 4096K, reserved 1048576K
}
Event: 4.878 GC heap after
{Heap after GC invocations=15 (full 0):
 garbage-first heap   total 137216K, used 63823K [0x0000000705e00000, 0x0000000800000000)
  region size 2048K, 1 young (2048K), 1 survivors (2048K)
 Metaspace       used 35749K, committed 36352K, reserved 1114112K
  class space    used 3811K, committed 4096K, reserved 1048576K
}

