# JRE version: Java(TM) SE Runtime Environment (19.0.2+7) (build 19.0.2+7-44)
# Java VM: Java HotSpot(TM) 64-Bit Server VM (19.0.2+7-44, mixed mode, sharing, tiered, compressed oops, compressed class ptrs, g1 gc, windows-amd64)
GC Precious Log:
 CardTable entry size: 512
 Card Set container configuration: InlinePtr #cards 4 size 8 Array Of Cards #cards 16 size 48 Howl #buckets 8 coarsen threshold 3686 Howl Bitmap #cards 512 size 80 coarsen threshold 460 Card regions per heap region 1 cards per card region 4096
 CPUs: 16 total, 16 available
 Memory: 16004M
 Large Page Support: Disabled
 NUMA Support: Disabled
 Compressed Oops: Enabled (Zero based)
 Heap Region Size: 2M
 Heap Min Capacity: 8M
 Heap Initial Capacity: 252M
 Heap Max Capacity: 4002M
 Pre-touch: Disabled
 Parallel Workers: 13
 Concurrent Workers: 3
 Concurrent Refinement Workers: 13
 Periodic GC: Disabled
Heap:
 garbage-first heap   total 147456K, used 75372K [0x0000000705e00000, 0x0000000800000000)
  region size 2048K, 9 young (18432K), 2 survivors (4096K)
 Metaspace       used 35420K, committed 36096K, reserved 1114112K
  class space    used 3792K, committed 4160K, reserved 1048576K
GC Heap History (20 events):
Event: 3.046 GC heap before
{Heap before GC invocations=4 (full 0):
 garbage-first heap   total 90112K, used 59805K [0x0000000705e00000, 0x0000000800000000)
  region size 2048K, 26 young (53248K), 8 survivors (16384K)
 Metaspace       used 26478K, committed 26816K, reserved 1114112K
  class space    used 2888K, committed 3072K, reserved 1048576K
}
Event: 3.058 GC heap after
{Heap after GC invocations=5 (full 0):
 garbage-first heap   total 90112K, used 31934K [0x0000000705e00000, 0x0000000800000000)
  region size 2048K, 4 young (8192K), 4 survivors (8192K)
 Metaspace       used 26478K, committed 26816K, reserved 1114112K
  class space    used 2888K, committed 3072K, reserved 1048576K
}
Event: 3.122 GC heap before
{Heap before GC invocations=5 (full 0):
 garbage-first heap   total 90112K, used 33982K [0x0000000705e00000, 0x0000000800000000)
  region size 2048K, 5 young (10240K), 4 survivors (8192K)
 Metaspace       used 26615K, committed 26944K, reserved 1114112K
  class space    used 2907K, committed 3072K, reserved 1048576K
}
Event: 3.127 GC heap after
{Heap after GC invocations=6 (full 0):
 garbage-first heap   total 90112K, used 35319K [0x0000000705e00000, 0x0000000800000000)
  region size 2048K, 1 young (2048K), 1 survivors (2048K)
 Metaspace       used 26615K, committed 26944K, reserved 1114112K
  class space    used 2907K, committed 3072K, reserved 1048576K
}
Event: 3.327 GC heap before
{Heap before GC invocations=6 (full 0):
 garbage-first heap   total 90112K, used 57847K [0x0000000705e00000, 0x0000000800000000)
  region size 2048K, 13 young (26624K), 1 survivors (2048K)
 Metaspace       used 27099K, committed 27392K, reserved 1114112K
  class space    used 2953K, committed 3072K, reserved 1048576K
}
Event: 3.333 GC heap after
{Heap after GC invocations=7 (full 0):
 garbage-first heap   total 90112K, used 38912K [0x0000000705e00000, 0x0000000800000000)
  region size 2048K, 2 young (4096K), 2 survivors (4096K)
 Metaspace       used 27099K, committed 27392K, reserved 1114112K
  class space    used 2953K, committed 3072K, reserved 1048576K
}
Event: 3.619 GC heap before
{Heap before GC invocations=7 (full 0):
 garbage-first heap   total 90112K, used 61440K [0x0000000705e00000, 0x0000000800000000)
  region size 2048K, 14 young (28672K), 2 survivors (4096K)
 Metaspace       used 28205K, committed 28544K, reserved 1114112K
  class space    used 3052K, committed 3200K, reserved 1048576K
}
Event: 3.626 GC heap after
{Heap after GC invocations=8 (full 0):
 garbage-first heap   total 122880K, used 42508K [0x0000000705e00000, 0x0000000800000000)
  region size 2048K, 2 young (4096K), 2 survivors (4096K)
 Metaspace       used 28205K, committed 28544K, reserved 1114112K
  class space    used 3052K, committed 3200K, reserved 1048576K
}
Event: 4.039 GC heap before
{Heap before GC invocations=8 (full 0):
 garbage-first heap   total 122880K, used 83468K [0x0000000705e00000, 0x0000000800000000)
  region size 2048K, 23 young (47104K), 2 survivors (4096K)
 Metaspace       used 29954K, committed 30400K, reserved 1114112K
  class space    used 3249K, committed 3456K, reserved 1048576K
}
Event: 4.043 GC heap after
{Heap after GC invocations=9 (full 0):
 garbage-first heap   total 122880K, used 43498K [0x0000000705e00000, 0x0000000800000000)
  region size 2048K, 2 young (4096K), 2 survivors (4096K)
 Metaspace       used 29954K, committed 30400K, reserved 1114112K
  class space    used 3249K, committed 3456K, reserved 1048576K
}
Event: 4.218 GC heap before
{Heap before GC invocations=9 (full 0):
 garbage-first heap   total 122880K, used 90602K [0x0000000705e00000, 0x0000000800000000)
  region size 2048K, 25 young (51200K), 2 survivors (4096K)
 Metaspace       used 30363K, committed 30848K, reserved 1114112K
  class space    used 3263K, committed 3456K, reserved 1048576K
}
Event: 4.224 GC heap after
{Heap after GC invocations=10 (full 0):
 garbage-first heap   total 122880K, used 43909K [0x0000000705e00000, 0x0000000800000000)
  region size 2048K, 3 young (6144K), 3 survivors (6144K)
 Metaspace       used 30363K, committed 30848K, reserved 1114112K
  class space    used 3263K, committed 3456K, reserved 1048576K
}
Event: 5.046 GC heap before
{Heap before GC invocations=10 (full 0):
 garbage-first heap   total 122880K, used 91013K [0x0000000705e00000, 0x0000000800000000)
  region size 2048K, 26 young (53248K), 3 survivors (6144K)
 Metaspace       used 32785K, committed 33408K, reserved 1114112K
  class space    used 3532K, committed 3840K, reserved 1048576K
}
Event: 5.058 GC heap after
{Heap after GC invocations=11 (full 0):
 garbage-first heap   total 122880K, used 51332K [0x0000000705e00000, 0x0000000800000000)
  region size 2048K, 4 young (8192K), 4 survivors (8192K)
 Metaspace       used 32785K, committed 33408K, reserved 1114112K
  class space    used 3532K, committed 3840K, reserved 1048576K
}
Event: 5.299 GC heap before
{Heap before GC invocations=11 (full 0):
 garbage-first heap   total 122880K, used 94340K [0x0000000705e00000, 0x0000000800000000)
  region size 2048K, 25 young (51200K), 4 survivors (8192K)
 Metaspace       used 32848K, committed 33408K, reserved 1114112K
  class space    used 3533K, committed 3840K, reserved 1048576K
}
Event: 5.313 GC heap after
{Heap after GC invocations=12 (full 0):
 garbage-first heap   total 147456K, used 66135K [0x0000000705e00000, 0x0000000800000000)
  region size 2048K, 4 young (8192K), 4 survivors (8192K)
 Metaspace       used 32848K, committed 33408K, reserved 1114112K
  class space    used 3533K, committed 3840K, reserved 1048576K
}
Event: 5.727 GC heap before
{Heap before GC invocations=12 (full 0):
 garbage-first heap   total 147456K, used 102999K [0x0000000705e00000, 0x0000000800000000)
  region size 2048K, 23 young (47104K), 4 survivors (8192K)
 Metaspace       used 34209K, committed 34816K, reserved 1114112K
  class space    used 3688K, committed 3968K, reserved 1048576K
}
Event: 5.730 GC heap after
{Heap after GC invocations=13 (full 0):
 garbage-first heap   total 147456K, used 62342K [0x0000000705e00000, 0x0000000800000000)
  region size 2048K, 2 young (4096K), 2 survivors (4096K)
 Metaspace       used 34209K, committed 34816K, reserved 1114112K
  class space    used 3688K, committed 3968K, reserved 1048576K
}
Event: 5.957 GC heap before
{Heap before GC invocations=13 (full 0):
 garbage-first heap   total 147456K, used 84870K [0x0000000705e00000, 0x0000000800000000)
  region size 2048K, 14 young (28672K), 2 survivors (4096K)
 Metaspace       used 35589K, committed 36160K, reserved 1114112K
  class space    used 3798K, committed 4096K, reserved 1048576K
}
Event: 5.960 GC heap after
{Heap after GC invocations=14 (full 0):
 garbage-first heap   total 147456K, used 63084K [0x0000000705e00000, 0x0000000800000000)
  region size 2048K, 2 young (4096K), 2 survivors (4096K)
 Metaspace       used 35589K, committed 36160K, reserved 1114112K
  class space    used 3798K, committed 4096K, reserved 1048576K
}

