# JRE version: Java(TM) SE Runtime Environment (19.0.2+7) (build 19.0.2+7-44)
# Java VM: Java HotSpot(TM) 64-Bit Server VM (19.0.2+7-44, mixed mode, sharing, tiered, compressed oops, compressed class ptrs, g1 gc, windows-amd64)
GC Precious Log:
 CardTable entry size: 512
 Card Set container configuration: InlinePtr #cards 4 size 8 Array Of Cards #cards 16 size 48 Howl #buckets 8 coarsen threshold 3686 Howl Bitmap #cards 512 size 80 coarsen threshold 460 Card regions per heap region 1 cards per card region 4096
 CPUs: 16 total, 16 available
 Memory: 16004M
 Large Page Support: Disabled
 NUMA Support: Disabled
 Compressed Oops: Enabled (Zero based)
 Heap Region Size: 2M
 Heap Min Capacity: 8M
 Heap Initial Capacity: 252M
 Heap Max Capacity: 4002M
 Pre-touch: Disabled
 Parallel Workers: 13
 Concurrent Workers: 3
 Concurrent Refinement Workers: 13
 Periodic GC: Disabled
Heap:
 garbage-first heap   total 192512K, used 47307K [0x0000000705e00000, 0x0000000800000000)
  region size 2048K, 3 young (6144K), 1 survivors (2048K)
 Metaspace       used 35458K, committed 35968K, reserved 1114112K
  class space    used 3788K, committed 4032K, reserved 1048576K
GC Heap History (20 events):
Event: 2.536 GC heap before
{Heap before GC invocations=6 (full 0):
 garbage-first heap   total 90112K, used 62878K [0x0000000705e00000, 0x0000000800000000)
  region size 2048K, 14 young (28672K), 1 survivors (2048K)
 Metaspace       used 27166K, committed 27456K, reserved 1114112K
  class space    used 2954K, committed 3072K, reserved 1048576K
}
Event: 2.540 GC heap after
{Heap after GC invocations=7 (full 0):
 garbage-first heap   total 90112K, used 40862K [0x0000000705e00000, 0x0000000800000000)
  region size 2048K, 2 young (4096K), 2 survivors (4096K)
 Metaspace       used 27166K, committed 27456K, reserved 1114112K
  class space    used 2954K, committed 3072K, reserved 1048576K
}
Event: 2.778 GC heap before
{Heap before GC invocations=7 (full 0):
 garbage-first heap   total 90112K, used 63390K [0x0000000705e00000, 0x0000000800000000)
  region size 2048K, 14 young (28672K), 2 survivors (4096K)
 Metaspace       used 28304K, committed 28608K, reserved 1114112K
  class space    used 3072K, committed 3200K, reserved 1048576K
}
Event: 2.783 GC heap after
{Heap after GC invocations=8 (full 0):
 garbage-first heap   total 131072K, used 43591K [0x0000000705e00000, 0x0000000800000000)
  region size 2048K, 2 young (4096K), 2 survivors (4096K)
 Metaspace       used 28304K, committed 28608K, reserved 1114112K
  class space    used 3072K, committed 3200K, reserved 1048576K
}
Event: 3.168 GC heap before
{Heap before GC invocations=8 (full 0):
 garbage-first heap   total 131072K, used 88647K [0x0000000705e00000, 0x0000000800000000)
  region size 2048K, 25 young (51200K), 2 survivors (4096K)
 Metaspace       used 30042K, committed 30464K, reserved 1114112K
  class space    used 3256K, committed 3456K, reserved 1048576K
}
Event: 3.171 GC heap after
{Heap after GC invocations=9 (full 0):
 garbage-first heap   total 131072K, used 44419K [0x0000000705e00000, 0x0000000800000000)
  region size 2048K, 2 young (4096K), 2 survivors (4096K)
 Metaspace       used 30042K, committed 30464K, reserved 1114112K
  class space    used 3256K, committed 3456K, reserved 1048576K
}
Event: 3.361 GC heap before
{Heap before GC invocations=9 (full 0):
 garbage-first heap   total 131072K, used 95619K [0x0000000705e00000, 0x0000000800000000)
  region size 2048K, 27 young (55296K), 2 survivors (4096K)
 Metaspace       used 30351K, committed 30848K, reserved 1114112K
  class space    used 3263K, committed 3456K, reserved 1048576K
}
Event: 3.366 GC heap after
{Heap after GC invocations=10 (full 0):
 garbage-first heap   total 131072K, used 45043K [0x0000000705e00000, 0x0000000800000000)
  region size 2048K, 2 young (4096K), 2 survivors (4096K)
 Metaspace       used 30351K, committed 30848K, reserved 1114112K
  class space    used 3263K, committed 3456K, reserved 1048576K
}
Event: 4.106 GC heap before
{Heap before GC invocations=10 (full 0):
 garbage-first heap   total 131072K, used 100339K [0x0000000705e00000, 0x0000000800000000)
  region size 2048K, 28 young (57344K), 2 survivors (4096K)
 Metaspace       used 32836K, committed 33344K, reserved 1114112K
  class space    used 3533K, committed 3776K, reserved 1048576K
}
Event: 4.113 GC heap after
{Heap after GC invocations=11 (full 0):
 garbage-first heap   total 131072K, used 59279K [0x0000000705e00000, 0x0000000800000000)
  region size 2048K, 4 young (8192K), 4 survivors (8192K)
 Metaspace       used 32836K, committed 33344K, reserved 1114112K
  class space    used 3533K, committed 3776K, reserved 1048576K
}
Event: 4.306 GC heap before
{Heap before GC invocations=11 (full 0):
 garbage-first heap   total 131072K, used 96143K [0x0000000705e00000, 0x0000000800000000)
  region size 2048K, 23 young (47104K), 4 survivors (8192K)
 Metaspace       used 32981K, committed 33600K, reserved 1114112K
  class space    used 3547K, committed 3840K, reserved 1048576K
}
Event: 4.312 GC heap after
{Heap after GC invocations=12 (full 0):
 garbage-first heap   total 131072K, used 69195K [0x0000000705e00000, 0x0000000800000000)
  region size 2048K, 3 young (6144K), 3 survivors (6144K)
 Metaspace       used 32981K, committed 33600K, reserved 1114112K
  class space    used 3547K, committed 3840K, reserved 1048576K
}
Event: 4.597 GC heap before
{Heap before GC invocations=12 (full 0):
 garbage-first heap   total 131072K, used 95819K [0x0000000705e00000, 0x0000000800000000)
  region size 2048K, 17 young (34816K), 3 survivors (6144K)
 Metaspace       used 34272K, committed 34816K, reserved 1114112K
  class space    used 3689K, committed 3968K, reserved 1048576K
}
Event: 4.600 GC heap after
{Heap after GC invocations=13 (full 0):
 garbage-first heap   total 131072K, used 69302K [0x0000000705e00000, 0x0000000800000000)
  region size 2048K, 1 young (2048K), 1 survivors (2048K)
 Metaspace       used 34272K, committed 34816K, reserved 1114112K
  class space    used 3689K, committed 3968K, reserved 1048576K
}
Event: 4.868 GC heap before
{Heap before GC invocations=14 (full 0):
 garbage-first heap   total 131072K, used 97974K [0x0000000705e00000, 0x0000000800000000)
  region size 2048K, 16 young (32768K), 1 survivors (2048K)
 Metaspace       used 34090K, committed 34688K, reserved 1114112K
  class space    used 3618K, committed 3968K, reserved 1048576K
}
Event: 4.870 GC heap after
{Heap after GC invocations=15 (full 0):
 garbage-first heap   total 131072K, used 70174K [0x0000000705e00000, 0x0000000800000000)
  region size 2048K, 2 young (4096K), 2 survivors (4096K)
 Metaspace       used 34090K, committed 34688K, reserved 1114112K
  class space    used 3618K, committed 3968K, reserved 1048576K
}
Event: 4.893 GC heap before
{Heap before GC invocations=15 (full 0):
 garbage-first heap   total 131072K, used 72222K [0x0000000705e00000, 0x0000000800000000)
  region size 2048K, 3 young (6144K), 2 survivors (4096K)
 Metaspace       used 34364K, committed 35008K, reserved 1114112K
  class space    used 3645K, committed 3968K, reserved 1048576K
}
Event: 4.895 GC heap after
{Heap after GC invocations=16 (full 0):
 garbage-first heap   total 131072K, used 57044K [0x0000000705e00000, 0x0000000800000000)
  region size 2048K, 1 young (2048K), 1 survivors (2048K)
 Metaspace       used 34364K, committed 35008K, reserved 1114112K
  class space    used 3645K, committed 3968K, reserved 1048576K
}
Event: 4.944 GC heap before
{Heap before GC invocations=16 (full 0):
 garbage-first heap   total 131072K, used 61140K [0x0000000705e00000, 0x0000000800000000)
  region size 2048K, 3 young (6144K), 1 survivors (2048K)
 Metaspace       used 34985K, committed 35520K, reserved 1114112K
  class space    used 3726K, committed 3968K, reserved 1048576K
}
Event: 4.947 GC heap after
{Heap after GC invocations=17 (full 0):
 garbage-first heap   total 192512K, used 45259K [0x0000000705e00000, 0x0000000800000000)
  region size 2048K, 1 young (2048K), 1 survivors (2048K)
 Metaspace       used 34985K, committed 35520K, reserved 1114112K
  class space    used 3726K, committed 3968K, reserved 1048576K
}

