# JRE version: Java(TM) SE Runtime Environment (19.0.2+7) (build 19.0.2+7-44)
# Java VM: Java HotSpot(TM) 64-Bit Server VM (19.0.2+7-44, mixed mode, sharing, tiered, compressed oops, compressed class ptrs, g1 gc, windows-amd64)
GC Precious Log:
 CardTable entry size: 512
 Card Set container configuration: InlinePtr #cards 4 size 8 Array Of Cards #cards 16 size 48 Howl #buckets 8 coarsen threshold 3686 Howl Bitmap #cards 512 size 80 coarsen threshold 460 Card regions per heap region 1 cards per card region 4096
 CPUs: 16 total, 16 available
 Memory: 16004M
 Large Page Support: Disabled
 NUMA Support: Disabled
 Compressed Oops: Enabled (Zero based)
 Heap Region Size: 2M
 Heap Min Capacity: 8M
 Heap Initial Capacity: 252M
 Heap Max Capacity: 4002M
 Pre-touch: Disabled
 Parallel Workers: 13
 Concurrent Workers: 3
 Concurrent Refinement Workers: 13
 Periodic GC: Disabled
Heap:
 garbage-first heap   total 153600K, used 80608K [0x0000000705e00000, 0x0000000800000000)
  region size 2048K, 9 young (18432K), 2 survivors (4096K)
 Metaspace       used 35439K, committed 36032K, reserved 1114112K
  class space    used 3789K, committed 4096K, reserved 1048576K
GC Heap History (20 events):
Event: 2.912 GC heap before
{Heap before GC invocations=4 (full 0):
 garbage-first heap   total 90112K, used 59775K [0x0000000705e00000, 0x0000000800000000)
  region size 2048K, 26 young (53248K), 8 survivors (16384K)
 Metaspace       used 26517K, committed 26880K, reserved 1114112K
  class space    used 2890K, committed 3072K, reserved 1048576K
}
Event: 2.921 GC heap after
{Heap after GC invocations=5 (full 0):
 garbage-first heap   total 90112K, used 32007K [0x0000000705e00000, 0x0000000800000000)
  region size 2048K, 4 young (8192K), 4 survivors (8192K)
 Metaspace       used 26517K, committed 26880K, reserved 1114112K
  class space    used 2890K, committed 3072K, reserved 1048576K
}
Event: 2.961 GC heap before
{Heap before GC invocations=5 (full 0):
 garbage-first heap   total 90112K, used 34055K [0x0000000705e00000, 0x0000000800000000)
  region size 2048K, 5 young (10240K), 4 survivors (8192K)
 Metaspace       used 26654K, committed 27008K, reserved 1114112K
  class space    used 2909K, committed 3072K, reserved 1048576K
}
Event: 2.966 GC heap after
{Heap after GC invocations=6 (full 0):
 garbage-first heap   total 90112K, used 34501K [0x0000000705e00000, 0x0000000800000000)
  region size 2048K, 1 young (2048K), 1 survivors (2048K)
 Metaspace       used 26654K, committed 27008K, reserved 1114112K
  class space    used 2909K, committed 3072K, reserved 1048576K
}
Event: 3.150 GC heap before
{Heap before GC invocations=6 (full 0):
 garbage-first heap   total 90112K, used 59077K [0x0000000705e00000, 0x0000000800000000)
  region size 2048K, 14 young (28672K), 1 survivors (2048K)
 Metaspace       used 27200K, committed 27520K, reserved 1114112K
  class space    used 2956K, committed 3072K, reserved 1048576K
}
Event: 3.156 GC heap after
{Heap after GC invocations=7 (full 0):
 garbage-first heap   total 90112K, used 38858K [0x0000000705e00000, 0x0000000800000000)
  region size 2048K, 2 young (4096K), 2 survivors (4096K)
 Metaspace       used 27200K, committed 27520K, reserved 1114112K
  class space    used 2956K, committed 3072K, reserved 1048576K
}
Event: 3.458 GC heap before
{Heap before GC invocations=7 (full 0):
 garbage-first heap   total 90112K, used 61386K [0x0000000705e00000, 0x0000000800000000)
  region size 2048K, 14 young (28672K), 2 survivors (4096K)
 Metaspace       used 28310K, committed 28608K, reserved 1114112K
  class space    used 3069K, committed 3200K, reserved 1048576K
}
Event: 3.465 GC heap after
{Heap after GC invocations=8 (full 0):
 garbage-first heap   total 126976K, used 41606K [0x0000000705e00000, 0x0000000800000000)
  region size 2048K, 2 young (4096K), 2 survivors (4096K)
 Metaspace       used 28310K, committed 28608K, reserved 1114112K
  class space    used 3069K, committed 3200K, reserved 1048576K
}
Event: 3.914 GC heap before
{Heap before GC invocations=8 (full 0):
 garbage-first heap   total 126976K, used 86662K [0x0000000705e00000, 0x0000000800000000)
  region size 2048K, 25 young (51200K), 2 survivors (4096K)
 Metaspace       used 30112K, committed 30528K, reserved 1114112K
  class space    used 3258K, committed 3456K, reserved 1048576K
}
Event: 3.920 GC heap after
{Heap after GC invocations=9 (full 0):
 garbage-first heap   total 126976K, used 42716K [0x0000000705e00000, 0x0000000800000000)
  region size 2048K, 2 young (4096K), 2 survivors (4096K)
 Metaspace       used 30112K, committed 30528K, reserved 1114112K
  class space    used 3258K, committed 3456K, reserved 1048576K
}
Event: 4.124 GC heap before
{Heap before GC invocations=9 (full 0):
 garbage-first heap   total 126976K, used 93916K [0x0000000705e00000, 0x0000000800000000)
  region size 2048K, 27 young (55296K), 2 survivors (4096K)
 Metaspace       used 30443K, committed 30848K, reserved 1114112K
  class space    used 3266K, committed 3456K, reserved 1048576K
}
Event: 4.131 GC heap after
{Heap after GC invocations=10 (full 0):
 garbage-first heap   total 126976K, used 43008K [0x0000000705e00000, 0x0000000800000000)
  region size 2048K, 2 young (4096K), 2 survivors (4096K)
 Metaspace       used 30443K, committed 30848K, reserved 1114112K
  class space    used 3266K, committed 3456K, reserved 1048576K
}
Event: 4.947 GC heap before
{Heap before GC invocations=10 (full 0):
 garbage-first heap   total 126976K, used 98304K [0x0000000705e00000, 0x0000000800000000)
  region size 2048K, 28 young (57344K), 2 survivors (4096K)
 Metaspace       used 32863K, committed 33344K, reserved 1114112K
  class space    used 3535K, committed 3776K, reserved 1048576K
}
Event: 4.960 GC heap after
{Heap after GC invocations=11 (full 0):
 garbage-first heap   total 126976K, used 56837K [0x0000000705e00000, 0x0000000800000000)
  region size 2048K, 4 young (8192K), 4 survivors (8192K)
 Metaspace       used 32863K, committed 33344K, reserved 1114112K
  class space    used 3535K, committed 3776K, reserved 1048576K
}
Event: 5.167 GC heap before
{Heap before GC invocations=11 (full 0):
 garbage-first heap   total 126976K, used 93701K [0x0000000705e00000, 0x0000000800000000)
  region size 2048K, 22 young (45056K), 4 survivors (8192K)
 Metaspace       used 32898K, committed 33408K, reserved 1114112K
  class space    used 3535K, committed 3776K, reserved 1048576K
}
Event: 5.176 GC heap after
{Heap after GC invocations=12 (full 0):
 garbage-first heap   total 153600K, used 66784K [0x0000000705e00000, 0x0000000800000000)
  region size 2048K, 3 young (6144K), 3 survivors (6144K)
 Metaspace       used 32898K, committed 33408K, reserved 1114112K
  class space    used 3535K, committed 3776K, reserved 1048576K
}
Event: 5.640 GC heap before
{Heap before GC invocations=12 (full 0):
 garbage-first heap   total 153600K, used 105696K [0x0000000705e00000, 0x0000000800000000)
  region size 2048K, 23 young (47104K), 3 survivors (6144K)
 Metaspace       used 34390K, committed 34944K, reserved 1114112K
  class space    used 3692K, committed 3968K, reserved 1048576K
}
Event: 5.643 GC heap after
{Heap after GC invocations=13 (full 0):
 garbage-first heap   total 153600K, used 67584K [0x0000000705e00000, 0x0000000800000000)
  region size 2048K, 1 young (2048K), 1 survivors (2048K)
 Metaspace       used 34390K, committed 34944K, reserved 1114112K
  class space    used 3692K, committed 3968K, reserved 1048576K
}
Event: 5.884 GC heap before
{Heap before GC invocations=13 (full 0):
 garbage-first heap   total 153600K, used 83968K [0x0000000705e00000, 0x0000000800000000)
  region size 2048K, 10 young (20480K), 1 survivors (2048K)
 Metaspace       used 35711K, committed 36288K, reserved 1114112K
  class space    used 3805K, committed 4096K, reserved 1048576K
}
Event: 5.886 GC heap after
{Heap after GC invocations=14 (full 0):
 garbage-first heap   total 153600K, used 68320K [0x0000000705e00000, 0x0000000800000000)
  region size 2048K, 2 young (4096K), 2 survivors (4096K)
 Metaspace       used 35711K, committed 36288K, reserved 1114112K
  class space    used 3805K, committed 4096K, reserved 1048576K
}

