# JRE version: Java(TM) SE Runtime Environment (19.0.2+7) (build 19.0.2+7-44)
# Java VM: Java HotSpot(TM) 64-Bit Server VM (19.0.2+7-44, mixed mode, sharing, tiered, compressed oops, compressed class ptrs, g1 gc, windows-amd64)
GC Precious Log:
 CardTable entry size: 512
 Card Set container configuration: InlinePtr #cards 4 size 8 Array Of Cards #cards 16 size 48 Howl #buckets 8 coarsen threshold 3686 Howl Bitmap #cards 512 size 80 coarsen threshold 460 Card regions per heap region 1 cards per card region 4096
 CPUs: 16 total, 16 available
 Memory: 16004M
 Large Page Support: Disabled
 NUMA Support: Disabled
 Compressed Oops: Enabled (Zero based)
 Heap Region Size: 2M
 Heap Min Capacity: 8M
 Heap Initial Capacity: 252M
 Heap Max Capacity: 4002M
 Pre-touch: Disabled
 Parallel Workers: 13
 Concurrent Workers: 3
 Concurrent Refinement Workers: 13
 Periodic GC: Disabled
Heap:
 garbage-first heap   total 55296K, used 16385K [0x0000000705e00000, 0x0000000800000000)
  region size 2048K, 2 young (4096K), 2 survivors (4096K)
 Metaspace       used 31242K, committed 31744K, reserved 1114112K
  class space    used 3852K, committed 4096K, reserved 1048576K
GC Heap History (13 events):
Event: 0.356 GC heap before
{Heap before GC invocations=0 (full 0):
 garbage-first heap   total 258048K, used 20480K [0x0000000705e00000, 0x0000000800000000)
  region size 2048K, 11 young (22528K), 0 survivors (0K)
 Metaspace       used 4382K, committed 4544K, reserved 1114112K
  class space    used 496K, committed 576K, reserved 1048576K
}
Event: 0.361 GC heap after
{Heap after GC invocations=1 (full 0):
 garbage-first heap   total 258048K, used 6404K [0x0000000705e00000, 0x0000000800000000)
  region size 2048K, 2 young (4096K), 2 survivors (4096K)
 Metaspace       used 4382K, committed 4544K, reserved 1114112K
  class space    used 496K, committed 576K, reserved 1048576K
}
Event: 0.812 GC heap before
{Heap before GC invocations=1 (full 0):
 garbage-first heap   total 258048K, used 30980K [0x0000000705e00000, 0x0000000800000000)
  region size 2048K, 14 young (28672K), 2 survivors (4096K)
 Metaspace       used 11329K, committed 11520K, reserved 1114112K
  class space    used 1390K, committed 1472K, reserved 1048576K
}
Event: 0.816 GC heap after
{Heap after GC invocations=2 (full 0):
 garbage-first heap   total 258048K, used 8530K [0x0000000705e00000, 0x0000000800000000)
  region size 2048K, 1 young (2048K), 1 survivors (2048K)
 Metaspace       used 11329K, committed 11520K, reserved 1114112K
  class space    used 1390K, committed 1472K, reserved 1048576K
}
Event: 1.350 GC heap before
{Heap before GC invocations=2 (full 0):
 garbage-first heap   total 258048K, used 57682K [0x0000000705e00000, 0x0000000800000000)
  region size 2048K, 26 young (53248K), 1 survivors (2048K)
 Metaspace       used 21225K, committed 21504K, reserved 1114112K
  class space    used 2616K, committed 2752K, reserved 1048576K
}
Event: 1.355 GC heap after
{Heap after GC invocations=3 (full 0):
 garbage-first heap   total 258048K, used 11558K [0x0000000705e00000, 0x0000000800000000)
  region size 2048K, 3 young (6144K), 3 survivors (6144K)
 Metaspace       used 21225K, committed 21504K, reserved 1114112K
  class space    used 2616K, committed 2752K, reserved 1048576K
}
Event: 1.695 GC heap before
{Heap before GC invocations=4 (full 0):
 garbage-first heap   total 55296K, used 38182K [0x0000000705e00000, 0x0000000800000000)
  region size 2048K, 16 young (32768K), 3 survivors (6144K)
 Metaspace       used 26177K, committed 26560K, reserved 1114112K
  class space    used 3217K, committed 3392K, reserved 1048576K
}
Event: 1.700 GC heap after
{Heap after GC invocations=5 (full 0):
 garbage-first heap   total 55296K, used 13667K [0x0000000705e00000, 0x0000000800000000)
  region size 2048K, 2 young (4096K), 2 survivors (4096K)
 Metaspace       used 26177K, committed 26560K, reserved 1114112K
  class space    used 3217K, committed 3392K, reserved 1048576K
}
Event: 1.717 GC heap before
{Heap before GC invocations=5 (full 0):
 garbage-first heap   total 55296K, used 15715K [0x0000000705e00000, 0x0000000800000000)
  region size 2048K, 3 young (6144K), 2 survivors (4096K)
 Metaspace       used 26465K, committed 26816K, reserved 1114112K
  class space    used 3238K, committed 3392K, reserved 1048576K
}
Event: 1.719 GC heap after
{Heap after GC invocations=6 (full 0):
 garbage-first heap   total 55296K, used 13622K [0x0000000705e00000, 0x0000000800000000)
  region size 2048K, 1 young (2048K), 1 survivors (2048K)
 Metaspace       used 26465K, committed 26816K, reserved 1114112K
  class space    used 3238K, committed 3392K, reserved 1048576K
}
Event: 1.959 GC heap before
{Heap before GC invocations=6 (full 0):
 garbage-first heap   total 55296K, used 34102K [0x0000000705e00000, 0x0000000800000000)
  region size 2048K, 11 young (22528K), 1 survivors (2048K)
 Metaspace       used 28499K, committed 28928K, reserved 1114112K
  class space    used 3499K, committed 3648K, reserved 1048576K
}
Event: 1.962 GC heap after
{Heap after GC invocations=7 (full 0):
 garbage-first heap   total 55296K, used 14793K [0x0000000705e00000, 0x0000000800000000)
  region size 2048K, 1 young (2048K), 1 survivors (2048K)
 Metaspace       used 28499K, committed 28928K, reserved 1114112K
  class space    used 3499K, committed 3648K, reserved 1048576K
}
Event: 2.485 GC heap before
{Heap before GC invocations=7 (full 0):
 garbage-first heap   total 55296K, used 37321K [0x0000000705e00000, 0x0000000800000000)
  region size 2048K, 12 young (24576K), 1 survivors (2048K)
 Metaspace       used 31242K, committed 31744K, reserved 1114112K
  class space    used 3852K, committed 4096K, reserved 1048576K
}

