# JRE version: Java(TM) SE Runtime Environment (19.0.2+7) (build 19.0.2+7-44)
# Java VM: Java HotSpot(TM) 64-Bit Server VM (19.0.2+7-44, mixed mode, sharing, tiered, compressed oops, compressed class ptrs, g1 gc, windows-amd64)
GC Precious Log:
 CardTable entry size: 512
 Card Set container configuration: InlinePtr #cards 4 size 8 Array Of Cards #cards 16 size 48 Howl #buckets 8 coarsen threshold 3686 Howl Bitmap #cards 512 size 80 coarsen threshold 460 Card regions per heap region 1 cards per card region 4096
 CPUs: 16 total, 16 available
 Memory: 16004M
 Large Page Support: Disabled
 NUMA Support: Disabled
 Compressed Oops: Enabled (Zero based)
 Heap Region Size: 2M
 Heap Min Capacity: 8M
 Heap Initial Capacity: 252M
 Heap Max Capacity: 4002M
 Pre-touch: Disabled
 Parallel Workers: 13
 Concurrent Workers: 3
 Concurrent Refinement Workers: 13
 Periodic GC: Disabled
Heap:
 garbage-first heap   total 155648K, used 72981K [0x0000000705e00000, 0x0000000800000000)
  region size 2048K, 3 young (6144K), 2 survivors (4096K)
 Metaspace       used 35438K, committed 35968K, reserved 1114112K
  class space    used 3778K, committed 4032K, reserved 1048576K
GC Heap History (20 events):
Event: 2.415 GC heap before
{Heap before GC invocations=4 (full 0):
 garbage-first heap   total 90112K, used 59789K [0x0000000705e00000, 0x0000000800000000)
  region size 2048K, 26 young (53248K), 8 survivors (16384K)
 Metaspace       used 26519K, committed 26880K, reserved 1114112K
  class space    used 2889K, committed 3072K, reserved 1048576K
}
Event: 2.422 GC heap after
{Heap after GC invocations=5 (full 0):
 garbage-first heap   total 90112K, used 32337K [0x0000000705e00000, 0x0000000800000000)
  region size 2048K, 4 young (8192K), 4 survivors (8192K)
 Metaspace       used 26519K, committed 26880K, reserved 1114112K
  class space    used 2889K, committed 3072K, reserved 1048576K
}
Event: 2.453 GC heap before
{Heap before GC invocations=5 (full 0):
 garbage-first heap   total 90112K, used 34385K [0x0000000705e00000, 0x0000000800000000)
  region size 2048K, 5 young (10240K), 4 survivors (8192K)
 Metaspace       used 26666K, committed 27008K, reserved 1114112K
  class space    used 2909K, committed 3072K, reserved 1048576K
}
Event: 2.457 GC heap after
{Heap after GC invocations=6 (full 0):
 garbage-first heap   total 90112K, used 35197K [0x0000000705e00000, 0x0000000800000000)
  region size 2048K, 1 young (2048K), 1 survivors (2048K)
 Metaspace       used 26666K, committed 27008K, reserved 1114112K
  class space    used 2909K, committed 3072K, reserved 1048576K
}
Event: 2.604 GC heap before
{Heap before GC invocations=6 (full 0):
 garbage-first heap   total 90112K, used 59773K [0x0000000705e00000, 0x0000000800000000)
  region size 2048K, 14 young (28672K), 1 survivors (2048K)
 Metaspace       used 27201K, committed 27520K, reserved 1114112K
  class space    used 2955K, committed 3072K, reserved 1048576K
}
Event: 2.608 GC heap after
{Heap after GC invocations=7 (full 0):
 garbage-first heap   total 90112K, used 38912K [0x0000000705e00000, 0x0000000800000000)
  region size 2048K, 2 young (4096K), 2 survivors (4096K)
 Metaspace       used 27201K, committed 27520K, reserved 1114112K
  class space    used 2955K, committed 3072K, reserved 1048576K
}
Event: 2.878 GC heap before
{Heap before GC invocations=7 (full 0):
 garbage-first heap   total 90112K, used 61440K [0x0000000705e00000, 0x0000000800000000)
  region size 2048K, 14 young (28672K), 2 survivors (4096K)
 Metaspace       used 28484K, committed 28800K, reserved 1114112K
  class space    used 3082K, committed 3200K, reserved 1048576K
}
Event: 2.883 GC heap after
{Heap after GC invocations=8 (full 0):
 garbage-first heap   total 129024K, used 42159K [0x0000000705e00000, 0x0000000800000000)
  region size 2048K, 2 young (4096K), 2 survivors (4096K)
 Metaspace       used 28484K, committed 28800K, reserved 1114112K
  class space    used 3082K, committed 3200K, reserved 1048576K
}
Event: 3.215 GC heap before
{Heap before GC invocations=8 (full 0):
 garbage-first heap   total 129024K, used 87215K [0x0000000705e00000, 0x0000000800000000)
  region size 2048K, 25 young (51200K), 2 survivors (4096K)
 Metaspace       used 30134K, committed 30592K, reserved 1114112K
  class space    used 3254K, committed 3456K, reserved 1048576K
}
Event: 3.218 GC heap after
{Heap after GC invocations=9 (full 0):
 garbage-first heap   total 129024K, used 43392K [0x0000000705e00000, 0x0000000800000000)
  region size 2048K, 2 young (4096K), 2 survivors (4096K)
 Metaspace       used 30134K, committed 30592K, reserved 1114112K
  class space    used 3254K, committed 3456K, reserved 1048576K
}
Event: 3.575 GC heap before
{Heap before GC invocations=9 (full 0):
 garbage-first heap   total 129024K, used 94592K [0x0000000705e00000, 0x0000000800000000)
  region size 2048K, 27 young (55296K), 2 survivors (4096K)
 Metaspace       used 31556K, committed 32064K, reserved 1114112K
  class space    used 3432K, committed 3712K, reserved 1048576K
}
Event: 3.578 GC heap after
{Heap after GC invocations=10 (full 0):
 garbage-first heap   total 129024K, used 44498K [0x0000000705e00000, 0x0000000800000000)
  region size 2048K, 3 young (6144K), 3 survivors (6144K)
 Metaspace       used 31556K, committed 32064K, reserved 1114112K
  class space    used 3432K, committed 3712K, reserved 1048576K
}
Event: 4.032 GC heap before
{Heap before GC invocations=10 (full 0):
 garbage-first heap   total 129024K, used 97746K [0x0000000705e00000, 0x0000000800000000)
  region size 2048K, 28 young (57344K), 3 survivors (6144K)
 Metaspace       used 32897K, committed 33408K, reserved 1114112K
  class space    used 3528K, committed 3776K, reserved 1048576K
}
Event: 4.039 GC heap after
{Heap after GC invocations=11 (full 0):
 garbage-first heap   total 129024K, used 60275K [0x0000000705e00000, 0x0000000800000000)
  region size 2048K, 4 young (8192K), 4 survivors (8192K)
 Metaspace       used 32897K, committed 33408K, reserved 1114112K
  class space    used 3528K, committed 3776K, reserved 1048576K
}
Event: 4.181 GC heap before
{Heap before GC invocations=11 (full 0):
 garbage-first heap   total 129024K, used 93043K [0x0000000705e00000, 0x0000000800000000)
  region size 2048K, 20 young (40960K), 4 survivors (8192K)
 Metaspace       used 32940K, committed 33472K, reserved 1114112K
  class space    used 3529K, committed 3776K, reserved 1048576K
}
Event: 4.187 GC heap after
{Heap after GC invocations=12 (full 0):
 garbage-first heap   total 129024K, used 69576K [0x0000000705e00000, 0x0000000800000000)
  region size 2048K, 3 young (6144K), 3 survivors (6144K)
 Metaspace       used 32940K, committed 33472K, reserved 1114112K
  class space    used 3529K, committed 3776K, reserved 1048576K
}
Event: 4.450 GC heap before
{Heap before GC invocations=12 (full 0):
 garbage-first heap   total 129024K, used 92104K [0x0000000705e00000, 0x0000000800000000)
  region size 2048K, 15 young (30720K), 3 survivors (6144K)
 Metaspace       used 34230K, committed 34816K, reserved 1114112K
  class space    used 3675K, committed 3968K, reserved 1048576K
}
Event: 4.453 GC heap after
{Heap after GC invocations=13 (full 0):
 garbage-first heap   total 155648K, used 71271K [0x0000000705e00000, 0x0000000800000000)
  region size 2048K, 1 young (2048K), 1 survivors (2048K)
 Metaspace       used 34230K, committed 34816K, reserved 1114112K
  class space    used 3675K, committed 3968K, reserved 1048576K
}
Event: 4.884 GC heap before
{Heap before GC invocations=14 (full 0):
 garbage-first heap   total 155648K, used 116327K [0x0000000705e00000, 0x0000000800000000)
  region size 2048K, 23 young (47104K), 1 survivors (2048K)
 Metaspace       used 35301K, committed 35840K, reserved 1114112K
  class space    used 3754K, committed 3968K, reserved 1048576K
}
Event: 4.886 GC heap after
{Heap after GC invocations=15 (full 0):
 garbage-first heap   total 155648K, used 72981K [0x0000000705e00000, 0x0000000800000000)
  region size 2048K, 2 young (4096K), 2 survivors (4096K)
 Metaspace       used 35301K, committed 35840K, reserved 1114112K
  class space    used 3754K, committed 3968K, reserved 1048576K
}

