# JRE version: Java(TM) SE Runtime Environment (19.0.2+7) (build 19.0.2+7-44)
# Java VM: Java HotSpot(TM) 64-Bit Server VM (19.0.2+7-44, mixed mode, sharing, tiered, compressed oops, compressed class ptrs, g1 gc, windows-amd64)
GC Precious Log:
 CardTable entry size: 512
 Card Set container configuration: InlinePtr #cards 4 size 8 Array Of Cards #cards 16 size 48 Howl #buckets 8 coarsen threshold 3686 Howl Bitmap #cards 512 size 80 coarsen threshold 460 Card regions per heap region 1 cards per card region 4096
 CPUs: 16 total, 16 available
 Memory: 16004M
 Large Page Support: Disabled
 NUMA Support: Disabled
 Compressed Oops: Enabled (Zero based)
 Heap Region Size: 2M
 Heap Min Capacity: 8M
 Heap Initial Capacity: 252M
 Heap Max Capacity: 4002M
 Pre-touch: Disabled
 Parallel Workers: 13
 Concurrent Workers: 3
 Concurrent Refinement Workers: 13
 Periodic GC: Disabled
Heap:
 garbage-first heap   total 145408K, used 80440K [0x0000000705e00000, 0x0000000800000000)
  region size 2048K, 10 young (20480K), 2 survivors (4096K)
 Metaspace       used 35555K, committed 36160K, reserved 1114112K
  class space    used 3792K, committed 4096K, reserved 1048576K
GC Heap History (20 events):
Event: 2.434 GC heap before
{Heap before GC invocations=2 (full 0):
 garbage-first heap   total 258048K, used 142758K [0x0000000705e00000, 0x0000000800000000)
  region size 2048K, 68 young (139264K), 1 survivors (2048K)
 Metaspace       used 21220K, committed 21504K, reserved 1114112K
  class space    used 2299K, committed 2432K, reserved 1048576K
}
Event: 2.441 GC heap after
{Heap after GC invocations=3 (full 0):
 garbage-first heap   total 258048K, used 22907K [0x0000000705e00000, 0x0000000800000000)
  region size 2048K, 8 young (16384K), 8 survivors (16384K)
 Metaspace       used 21220K, committed 21504K, reserved 1114112K
  class space    used 2299K, committed 2432K, reserved 1048576K
}
Event: 3.045 GC heap before
{Heap before GC invocations=4 (full 0):
 garbage-first heap   total 90112K, used 59771K [0x0000000705e00000, 0x0000000800000000)
  region size 2048K, 26 young (53248K), 8 survivors (16384K)
 Metaspace       used 26627K, committed 27008K, reserved 1114112K
  class space    used 2899K, committed 3072K, reserved 1048576K
}
Event: 3.055 GC heap after
{Heap after GC invocations=5 (full 0):
 garbage-first heap   total 90112K, used 32853K [0x0000000705e00000, 0x0000000800000000)
  region size 2048K, 4 young (8192K), 4 survivors (8192K)
 Metaspace       used 26627K, committed 27008K, reserved 1114112K
  class space    used 2899K, committed 3072K, reserved 1048576K
}
Event: 3.079 GC heap before
{Heap before GC invocations=5 (full 0):
 garbage-first heap   total 90112K, used 34901K [0x0000000705e00000, 0x0000000800000000)
  region size 2048K, 5 young (10240K), 4 survivors (8192K)
 Metaspace       used 26819K, committed 27136K, reserved 1114112K
  class space    used 2926K, committed 3072K, reserved 1048576K
}
Event: 3.084 GC heap after
{Heap after GC invocations=6 (full 0):
 garbage-first heap   total 90112K, used 35304K [0x0000000705e00000, 0x0000000800000000)
  region size 2048K, 1 young (2048K), 1 survivors (2048K)
 Metaspace       used 26819K, committed 27136K, reserved 1114112K
  class space    used 2926K, committed 3072K, reserved 1048576K
}
Event: 3.219 GC heap before
{Heap before GC invocations=6 (full 0):
 garbage-first heap   total 90112K, used 61928K [0x0000000705e00000, 0x0000000800000000)
  region size 2048K, 14 young (28672K), 1 survivors (2048K)
 Metaspace       used 27341K, committed 27712K, reserved 1114112K
  class space    used 2967K, committed 3136K, reserved 1048576K
}
Event: 3.223 GC heap after
{Heap after GC invocations=7 (full 0):
 garbage-first heap   total 90112K, used 38912K [0x0000000705e00000, 0x0000000800000000)
  region size 2048K, 2 young (4096K), 2 survivors (4096K)
 Metaspace       used 27341K, committed 27712K, reserved 1114112K
  class space    used 2967K, committed 3136K, reserved 1048576K
}
Event: 3.499 GC heap before
{Heap before GC invocations=7 (full 0):
 garbage-first heap   total 90112K, used 61440K [0x0000000705e00000, 0x0000000800000000)
  region size 2048K, 14 young (28672K), 2 survivors (4096K)
 Metaspace       used 28742K, committed 29120K, reserved 1114112K
  class space    used 3103K, committed 3264K, reserved 1048576K
}
Event: 3.504 GC heap after
{Heap after GC invocations=8 (full 0):
 garbage-first heap   total 145408K, used 41236K [0x0000000705e00000, 0x0000000800000000)
  region size 2048K, 1 young (2048K), 1 survivors (2048K)
 Metaspace       used 28742K, committed 29120K, reserved 1114112K
  class space    used 3103K, committed 3264K, reserved 1048576K
}
Event: 3.880 GC heap before
{Heap before GC invocations=8 (full 0):
 garbage-first heap   total 145408K, used 96532K [0x0000000705e00000, 0x0000000800000000)
  region size 2048K, 29 young (59392K), 1 survivors (2048K)
 Metaspace       used 30329K, committed 30848K, reserved 1114112K
  class space    used 3271K, committed 3520K, reserved 1048576K
}
Event: 3.883 GC heap after
{Heap after GC invocations=9 (full 0):
 garbage-first heap   total 145408K, used 42540K [0x0000000705e00000, 0x0000000800000000)
  region size 2048K, 2 young (4096K), 2 survivors (4096K)
 Metaspace       used 30329K, committed 30848K, reserved 1114112K
  class space    used 3271K, committed 3520K, reserved 1048576K
}
Event: 4.686 GC heap before
{Heap before GC invocations=9 (full 0):
 garbage-first heap   total 145408K, used 103980K [0x0000000705e00000, 0x0000000800000000)
  region size 2048K, 31 young (63488K), 2 survivors (4096K)
 Metaspace       used 32710K, committed 33280K, reserved 1114112K
  class space    used 3527K, committed 3776K, reserved 1048576K
}
Event: 4.692 GC heap after
{Heap after GC invocations=10 (full 0):
 garbage-first heap   total 145408K, used 46660K [0x0000000705e00000, 0x0000000800000000)
  region size 2048K, 3 young (6144K), 3 survivors (6144K)
 Metaspace       used 32710K, committed 33280K, reserved 1114112K
  class space    used 3527K, committed 3776K, reserved 1048576K
}
Event: 5.068 GC heap before
{Heap before GC invocations=10 (full 0):
 garbage-first heap   total 145408K, used 108100K [0x0000000705e00000, 0x0000000800000000)
  region size 2048K, 32 young (65536K), 3 survivors (6144K)
 Metaspace       used 33030K, committed 33664K, reserved 1114112K
  class space    used 3541K, committed 3840K, reserved 1048576K
}
Event: 5.077 GC heap after
{Heap after GC invocations=11 (full 0):
 garbage-first heap   total 145408K, used 65576K [0x0000000705e00000, 0x0000000800000000)
  region size 2048K, 4 young (8192K), 4 survivors (8192K)
 Metaspace       used 33030K, committed 33664K, reserved 1114112K
  class space    used 3541K, committed 3840K, reserved 1048576K
}
Event: 5.431 GC heap before
{Heap before GC invocations=11 (full 0):
 garbage-first heap   total 145408K, used 102440K [0x0000000705e00000, 0x0000000800000000)
  region size 2048K, 22 young (45056K), 4 survivors (8192K)
 Metaspace       used 34431K, committed 35008K, reserved 1114112K
  class space    used 3697K, committed 3968K, reserved 1048576K
}
Event: 5.436 GC heap after
{Heap after GC invocations=12 (full 0):
 garbage-first heap   total 145408K, used 65296K [0x0000000705e00000, 0x0000000800000000)
  region size 2048K, 2 young (4096K), 2 survivors (4096K)
 Metaspace       used 34431K, committed 35008K, reserved 1114112K
  class space    used 3697K, committed 3968K, reserved 1048576K
}
Event: 5.645 GC heap before
{Heap before GC invocations=12 (full 0):
 garbage-first heap   total 145408K, used 91920K [0x0000000705e00000, 0x0000000800000000)
  region size 2048K, 16 young (32768K), 2 survivors (4096K)
 Metaspace       used 35493K, committed 36096K, reserved 1114112K
  class space    used 3779K, committed 4096K, reserved 1048576K
}
Event: 5.648 GC heap after
{Heap after GC invocations=13 (full 0):
 garbage-first heap   total 145408K, used 66104K [0x0000000705e00000, 0x0000000800000000)
  region size 2048K, 2 young (4096K), 2 survivors (4096K)
 Metaspace       used 35493K, committed 36096K, reserved 1114112K
  class space    used 3779K, committed 4096K, reserved 1048576K
}

