# JRE version: Java(TM) SE Runtime Environment (19.0.2+7) (build 19.0.2+7-44)
# Java VM: Java HotSpot(TM) 64-Bit Server VM (19.0.2+7-44, mixed mode, sharing, tiered, compressed oops, compressed class ptrs, g1 gc, windows-amd64)
GC Precious Log:
 CardTable entry size: 512
 Card Set container configuration: InlinePtr #cards 4 size 8 Array Of Cards #cards 16 size 48 Howl #buckets 8 coarsen threshold 3686 Howl Bitmap #cards 512 size 80 coarsen threshold 460 Card regions per heap region 1 cards per card region 4096
 CPUs: 16 total, 16 available
 Memory: 16004M
 Large Page Support: Disabled
 NUMA Support: Disabled
 Compressed Oops: Enabled (Zero based)
 Heap Region Size: 2M
 Heap Min Capacity: 8M
 Heap Initial Capacity: 252M
 Heap Max Capacity: 4002M
 Pre-touch: Disabled
 Parallel Workers: 13
 Concurrent Workers: 3
 Concurrent Refinement Workers: 13
 Periodic GC: Disabled
Heap:
 garbage-first heap   total 151552K, used 97866K [0x0000000705e00000, 0x0000000800000000)
  region size 2048K, 17 young (34816K), 1 survivors (2048K)
 Metaspace       used 35456K, committed 35968K, reserved 1114112K
  class space    used 3786K, committed 4032K, reserved 1048576K
GC Heap History (20 events):
Event: 3.081 GC heap before
{Heap before GC invocations=4 (full 0):
 garbage-first heap   total 90112K, used 59798K [0x0000000705e00000, 0x0000000800000000)
  region size 2048K, 26 young (53248K), 8 survivors (16384K)
 Metaspace       used 26512K, committed 26880K, reserved 1114112K
  class space    used 2887K, committed 3072K, reserved 1048576K
}
Event: 3.091 GC heap after
{Heap after GC invocations=5 (full 0):
 garbage-first heap   total 90112K, used 32449K [0x0000000705e00000, 0x0000000800000000)
  region size 2048K, 4 young (8192K), 4 survivors (8192K)
 Metaspace       used 26512K, committed 26880K, reserved 1114112K
  class space    used 2887K, committed 3072K, reserved 1048576K
}
Event: 3.143 GC heap before
{Heap before GC invocations=5 (full 0):
 garbage-first heap   total 90112K, used 34497K [0x0000000705e00000, 0x0000000800000000)
  region size 2048K, 5 young (10240K), 4 survivors (8192K)
 Metaspace       used 26680K, committed 27072K, reserved 1114112K
  class space    used 2907K, committed 3072K, reserved 1048576K
}
Event: 3.148 GC heap after
{Heap after GC invocations=6 (full 0):
 garbage-first heap   total 90112K, used 35291K [0x0000000705e00000, 0x0000000800000000)
  region size 2048K, 1 young (2048K), 1 survivors (2048K)
 Metaspace       used 26680K, committed 27072K, reserved 1114112K
  class space    used 2907K, committed 3072K, reserved 1048576K
}
Event: 3.346 GC heap before
{Heap before GC invocations=6 (full 0):
 garbage-first heap   total 90112K, used 61915K [0x0000000705e00000, 0x0000000800000000)
  region size 2048K, 14 young (28672K), 1 survivors (2048K)
 Metaspace       used 27229K, committed 27520K, reserved 1114112K
  class space    used 2952K, committed 3072K, reserved 1048576K
}
Event: 3.351 GC heap after
{Heap after GC invocations=7 (full 0):
 garbage-first heap   total 90112K, used 38912K [0x0000000705e00000, 0x0000000800000000)
  region size 2048K, 2 young (4096K), 2 survivors (4096K)
 Metaspace       used 27229K, committed 27520K, reserved 1114112K
  class space    used 2952K, committed 3072K, reserved 1048576K
}
Event: 3.687 GC heap before
{Heap before GC invocations=7 (full 0):
 garbage-first heap   total 90112K, used 63488K [0x0000000705e00000, 0x0000000800000000)
  region size 2048K, 14 young (28672K), 2 survivors (4096K)
 Metaspace       used 28358K, committed 28672K, reserved 1114112K
  class space    used 3070K, committed 3200K, reserved 1048576K
}
Event: 3.695 GC heap after
{Heap after GC invocations=8 (full 0):
 garbage-first heap   total 90112K, used 41285K [0x0000000705e00000, 0x0000000800000000)
  region size 2048K, 2 young (4096K), 2 survivors (4096K)
 Metaspace       used 28358K, committed 28672K, reserved 1114112K
  class space    used 3070K, committed 3200K, reserved 1048576K
}
Event: 3.910 GC heap before
{Heap before GC invocations=8 (full 0):
 garbage-first heap   total 90112K, used 61765K [0x0000000705e00000, 0x0000000800000000)
  region size 2048K, 13 young (26624K), 2 survivors (4096K)
 Metaspace       used 29386K, committed 29760K, reserved 1114112K
  class space    used 3166K, committed 3328K, reserved 1048576K
}
Event: 3.913 GC heap after
{Heap after GC invocations=9 (full 0):
 garbage-first heap   total 124928K, used 42038K [0x0000000705e00000, 0x0000000800000000)
  region size 2048K, 1 young (2048K), 1 survivors (2048K)
 Metaspace       used 29386K, committed 29760K, reserved 1114112K
  class space    used 3166K, committed 3328K, reserved 1048576K
}
Event: 4.222 GC heap before
{Heap before GC invocations=9 (full 0):
 garbage-first heap   total 124928K, used 89142K [0x0000000705e00000, 0x0000000800000000)
  region size 2048K, 24 young (49152K), 1 survivors (2048K)
 Metaspace       used 30304K, committed 30720K, reserved 1114112K
  class space    used 3260K, committed 3456K, reserved 1048576K
}
Event: 4.226 GC heap after
{Heap after GC invocations=10 (full 0):
 garbage-first heap   total 124928K, used 43087K [0x0000000705e00000, 0x0000000800000000)
  region size 2048K, 1 young (2048K), 1 survivors (2048K)
 Metaspace       used 30304K, committed 30720K, reserved 1114112K
  class space    used 3260K, committed 3456K, reserved 1048576K
}
Event: 4.980 GC heap before
{Heap before GC invocations=10 (full 0):
 garbage-first heap   total 124928K, used 94287K [0x0000000705e00000, 0x0000000800000000)
  region size 2048K, 25 young (51200K), 1 survivors (2048K)
 Metaspace       used 32492K, committed 33088K, reserved 1114112K
  class space    used 3499K, committed 3776K, reserved 1048576K
}
Event: 4.987 GC heap after
{Heap after GC invocations=11 (full 0):
 garbage-first heap   total 124928K, used 46892K [0x0000000705e00000, 0x0000000800000000)
  region size 2048K, 2 young (4096K), 2 survivors (4096K)
 Metaspace       used 32492K, committed 33088K, reserved 1114112K
  class space    used 3499K, committed 3776K, reserved 1048576K
}
Event: 5.474 GC heap before
{Heap before GC invocations=11 (full 0):
 garbage-first heap   total 124928K, used 93996K [0x0000000705e00000, 0x0000000800000000)
  region size 2048K, 25 young (51200K), 2 survivors (4096K)
 Metaspace       used 32968K, committed 33536K, reserved 1114112K
  class space    used 3532K, committed 3776K, reserved 1048576K
}
Event: 5.487 GC heap after
{Heap after GC invocations=12 (full 0):
 garbage-first heap   total 124928K, used 61057K [0x0000000705e00000, 0x0000000800000000)
  region size 2048K, 4 young (8192K), 4 survivors (8192K)
 Metaspace       used 32968K, committed 33536K, reserved 1114112K
  class space    used 3532K, committed 3776K, reserved 1048576K
}
Event: 5.761 GC heap before
{Heap before GC invocations=12 (full 0):
 garbage-first heap   total 124928K, used 91777K [0x0000000705e00000, 0x0000000800000000)
  region size 2048K, 19 young (38912K), 4 survivors (8192K)
 Metaspace       used 33557K, committed 34176K, reserved 1114112K
  class space    used 3609K, committed 3904K, reserved 1048576K
}
Event: 5.767 GC heap after
{Heap after GC invocations=13 (full 0):
 garbage-first heap   total 124928K, used 67584K [0x0000000705e00000, 0x0000000800000000)
  region size 2048K, 3 young (6144K), 3 survivors (6144K)
 Metaspace       used 33557K, committed 34176K, reserved 1114112K
  class space    used 3609K, committed 3904K, reserved 1048576K
}
Event: 5.971 GC heap before
{Heap before GC invocations=13 (full 0):
 garbage-first heap   total 124928K, used 92160K [0x0000000705e00000, 0x0000000800000000)
  region size 2048K, 15 young (30720K), 3 survivors (6144K)
 Metaspace       used 34382K, committed 34944K, reserved 1114112K
  class space    used 3689K, committed 3968K, reserved 1048576K
}
Event: 5.974 GC heap after
{Heap after GC invocations=14 (full 0):
 garbage-first heap   total 151552K, used 67146K [0x0000000705e00000, 0x0000000800000000)
  region size 2048K, 1 young (2048K), 1 survivors (2048K)
 Metaspace       used 34382K, committed 34944K, reserved 1114112K
  class space    used 3689K, committed 3968K, reserved 1048576K
}

