# JRE version: Java(TM) SE Runtime Environment (19.0.2+7) (build 19.0.2+7-44)
# Java VM: Java HotSpot(TM) 64-Bit Server VM (19.0.2+7-44, mixed mode, sharing, tiered, compressed oops, compressed class ptrs, g1 gc, windows-amd64)
GC Precious Log:
 CardTable entry size: 512
 Card Set container configuration: InlinePtr #cards 4 size 8 Array Of Cards #cards 16 size 48 Howl #buckets 8 coarsen threshold 3686 Howl Bitmap #cards 512 size 80 coarsen threshold 460 Card regions per heap region 1 cards per card region 4096
 CPUs: 16 total, 16 available
 Memory: 16004M
 Large Page Support: Disabled
 NUMA Support: Disabled
 Compressed Oops: Enabled (Zero based)
 Heap Region Size: 2M
 Heap Min Capacity: 8M
 Heap Initial Capacity: 252M
 Heap Max Capacity: 4002M
 Pre-touch: Disabled
 Parallel Workers: 13
 Concurrent Workers: 3
 Concurrent Refinement Workers: 13
 Periodic GC: Disabled
Heap:
 garbage-first heap   total 147456K, used 80444K [0x0000000705e00000, 0x0000000800000000)
  region size 2048K, 10 young (20480K), 2 survivors (4096K)
 Metaspace       used 35612K, committed 36160K, reserved 1114112K
  class space    used 3798K, committed 4032K, reserved 1048576K
GC Heap History (20 events):
Event: 2.349 GC heap before
{Heap before GC invocations=2 (full 0):
 garbage-first heap   total 258048K, used 142866K [0x0000000705e00000, 0x0000000800000000)
  region size 2048K, 67 young (137216K), 1 survivors (2048K)
 Metaspace       used 21253K, committed 21504K, reserved 1114112K
  class space    used 2309K, committed 2432K, reserved 1048576K
}
Event: 2.356 GC heap after
{Heap after GC invocations=3 (full 0):
 garbage-first heap   total 258048K, used 22932K [0x0000000705e00000, 0x0000000800000000)
  region size 2048K, 8 young (16384K), 8 survivors (16384K)
 Metaspace       used 21253K, committed 21504K, reserved 1114112K
  class space    used 2309K, committed 2432K, reserved 1048576K
}
Event: 2.949 GC heap before
{Heap before GC invocations=4 (full 0):
 garbage-first heap   total 90112K, used 59796K [0x0000000705e00000, 0x0000000800000000)
  region size 2048K, 26 young (53248K), 8 survivors (16384K)
 Metaspace       used 26620K, committed 26944K, reserved 1114112K
  class space    used 2895K, committed 3008K, reserved 1048576K
}
Event: 2.957 GC heap after
{Heap after GC invocations=5 (full 0):
 garbage-first heap   total 90112K, used 32027K [0x0000000705e00000, 0x0000000800000000)
  region size 2048K, 4 young (8192K), 4 survivors (8192K)
 Metaspace       used 26620K, committed 26944K, reserved 1114112K
  class space    used 2895K, committed 3008K, reserved 1048576K
}
Event: 2.976 GC heap before
{Heap before GC invocations=5 (full 0):
 garbage-first heap   total 90112K, used 34075K [0x0000000705e00000, 0x0000000800000000)
  region size 2048K, 5 young (10240K), 4 survivors (8192K)
 Metaspace       used 26775K, committed 27136K, reserved 1114112K
  class space    used 2917K, committed 3072K, reserved 1048576K
}
Event: 2.980 GC heap after
{Heap after GC invocations=6 (full 0):
 garbage-first heap   total 90112K, used 34398K [0x0000000705e00000, 0x0000000800000000)
  region size 2048K, 1 young (2048K), 1 survivors (2048K)
 Metaspace       used 26775K, committed 27136K, reserved 1114112K
  class space    used 2917K, committed 3072K, reserved 1048576K
}
Event: 3.130 GC heap before
{Heap before GC invocations=6 (full 0):
 garbage-first heap   total 90112K, used 61022K [0x0000000705e00000, 0x0000000800000000)
  region size 2048K, 14 young (28672K), 1 survivors (2048K)
 Metaspace       used 27337K, committed 27648K, reserved 1114112K
  class space    used 2963K, committed 3072K, reserved 1048576K
}
Event: 3.134 GC heap after
{Heap after GC invocations=7 (full 0):
 garbage-first heap   total 90112K, used 38778K [0x0000000705e00000, 0x0000000800000000)
  region size 2048K, 2 young (4096K), 2 survivors (4096K)
 Metaspace       used 27337K, committed 27648K, reserved 1114112K
  class space    used 2963K, committed 3072K, reserved 1048576K
}
Event: 3.444 GC heap before
{Heap before GC invocations=7 (full 0):
 garbage-first heap   total 90112K, used 61306K [0x0000000705e00000, 0x0000000800000000)
  region size 2048K, 14 young (28672K), 2 survivors (4096K)
 Metaspace       used 28625K, committed 28928K, reserved 1114112K
  class space    used 3093K, committed 3200K, reserved 1048576K
}
Event: 3.448 GC heap after
{Heap after GC invocations=8 (full 0):
 garbage-first heap   total 147456K, used 41591K [0x0000000705e00000, 0x0000000800000000)
  region size 2048K, 2 young (4096K), 2 survivors (4096K)
 Metaspace       used 28625K, committed 28928K, reserved 1114112K
  class space    used 3093K, committed 3200K, reserved 1048576K
}
Event: 3.831 GC heap before
{Heap before GC invocations=8 (full 0):
 garbage-first heap   total 147456K, used 98935K [0x0000000705e00000, 0x0000000800000000)
  region size 2048K, 31 young (63488K), 2 survivors (4096K)
 Metaspace       used 30324K, committed 30848K, reserved 1114112K
  class space    used 3269K, committed 3520K, reserved 1048576K
}
Event: 3.835 GC heap after
{Heap after GC invocations=9 (full 0):
 garbage-first heap   total 147456K, used 42939K [0x0000000705e00000, 0x0000000800000000)
  region size 2048K, 2 young (4096K), 2 survivors (4096K)
 Metaspace       used 30324K, committed 30848K, reserved 1114112K
  class space    used 3269K, committed 3520K, reserved 1048576K
}
Event: 4.556 GC heap before
{Heap before GC invocations=9 (full 0):
 garbage-first heap   total 147456K, used 108475K [0x0000000705e00000, 0x0000000800000000)
  region size 2048K, 33 young (67584K), 2 survivors (4096K)
 Metaspace       used 32825K, committed 33344K, reserved 1114112K
  class space    used 3529K, committed 3776K, reserved 1048576K
}
Event: 4.562 GC heap after
{Heap after GC invocations=10 (full 0):
 garbage-first heap   total 147456K, used 46829K [0x0000000705e00000, 0x0000000800000000)
  region size 2048K, 3 young (6144K), 3 survivors (6144K)
 Metaspace       used 32825K, committed 33344K, reserved 1114112K
  class space    used 3529K, committed 3776K, reserved 1048576K
}
Event: 4.908 GC heap before
{Heap before GC invocations=10 (full 0):
 garbage-first heap   total 147456K, used 110317K [0x0000000705e00000, 0x0000000800000000)
  region size 2048K, 33 young (67584K), 3 survivors (6144K)
 Metaspace       used 32990K, committed 33536K, reserved 1114112K
  class space    used 3539K, committed 3776K, reserved 1048576K
}
Event: 4.918 GC heap after
{Heap after GC invocations=11 (full 0):
 garbage-first heap   total 147456K, used 66726K [0x0000000705e00000, 0x0000000800000000)
  region size 2048K, 5 young (10240K), 5 survivors (10240K)
 Metaspace       used 32990K, committed 33536K, reserved 1114112K
  class space    used 3539K, committed 3776K, reserved 1048576K
}
Event: 5.313 GC heap before
{Heap before GC invocations=11 (full 0):
 garbage-first heap   total 147456K, used 107686K [0x0000000705e00000, 0x0000000800000000)
  region size 2048K, 25 young (51200K), 5 survivors (10240K)
 Metaspace       used 34488K, committed 35008K, reserved 1114112K
  class space    used 3695K, committed 3968K, reserved 1048576K
}
Event: 5.318 GC heap after
{Heap after GC invocations=12 (full 0):
 garbage-first heap   total 147456K, used 65536K [0x0000000705e00000, 0x0000000800000000)
  region size 2048K, 1 young (2048K), 1 survivors (2048K)
 Metaspace       used 34488K, committed 35008K, reserved 1114112K
  class space    used 3695K, committed 3968K, reserved 1048576K
}
Event: 5.446 GC heap before
{Heap before GC invocations=12 (full 0):
 garbage-first heap   total 147456K, used 77824K [0x0000000705e00000, 0x0000000800000000)
  region size 2048K, 9 young (18432K), 1 survivors (2048K)
 Metaspace       used 35635K, committed 36160K, reserved 1114112K
  class space    used 3794K, committed 4032K, reserved 1048576K
}
Event: 5.447 GC heap after
{Heap after GC invocations=13 (full 0):
 garbage-first heap   total 147456K, used 66108K [0x0000000705e00000, 0x0000000800000000)
  region size 2048K, 2 young (4096K), 2 survivors (4096K)
 Metaspace       used 35635K, committed 36160K, reserved 1114112K
  class space    used 3794K, committed 4032K, reserved 1048576K
}

