# JRE version: Java(TM) SE Runtime Environment (19.0.2+7) (build 19.0.2+7-44)
# Java VM: Java HotSpot(TM) 64-Bit Server VM (19.0.2+7-44, mixed mode, sharing, tiered, compressed oops, compressed class ptrs, g1 gc, windows-amd64)
GC Precious Log:
 CardTable entry size: 512
 Card Set container configuration: InlinePtr #cards 4 size 8 Array Of Cards #cards 16 size 48 Howl #buckets 8 coarsen threshold 3686 Howl Bitmap #cards 512 size 80 coarsen threshold 460 Card regions per heap region 1 cards per card region 4096
 CPUs: 16 total, 16 available
 Memory: 16004M
 Large Page Support: Disabled
 NUMA Support: Disabled
 Compressed Oops: Enabled (Zero based)
 Heap Region Size: 2M
 Heap Min Capacity: 8M
 Heap Initial Capacity: 252M
 Heap Max Capacity: 4002M
 Pre-touch: Disabled
 Parallel Workers: 13
 Concurrent Workers: 3
 Concurrent Refinement Workers: 13
 Periodic GC: Disabled
Heap:
 garbage-first heap   total 180224K, used 75752K [0x0000000705e00000, 0x0000000800000000)
  region size 2048K, 10 young (20480K), 3 survivors (6144K)
 Metaspace       used 35393K, committed 35904K, reserved 1114112K
  class space    used 3789K, committed 4032K, reserved 1048576K
GC Heap History (20 events):
Event: 0.785 GC heap before
{Heap before GC invocations=1 (full 0):
 garbage-first heap   total 258048K, used 38551K [0x0000000705e00000, 0x0000000800000000)
  region size 2048K, 19 young (38912K), 2 survivors (4096K)
 Metaspace       used 10251K, committed 10432K, reserved 1114112K
  class space    used 1183K, committed 1280K, reserved 1048576K
}
Event: 0.788 GC heap after
{Heap after GC invocations=2 (full 0):
 garbage-first heap   total 258048K, used 5646K [0x0000000705e00000, 0x0000000800000000)
  region size 2048K, 1 young (2048K), 1 survivors (2048K)
 Metaspace       used 10251K, committed 10432K, reserved 1114112K
  class space    used 1183K, committed 1280K, reserved 1048576K
}
Event: 2.025 GC heap before
{Heap before GC invocations=2 (full 0):
 garbage-first heap   total 258048K, used 175630K [0x0000000705e00000, 0x0000000800000000)
  region size 2048K, 67 young (137216K), 1 survivors (2048K)
 Metaspace       used 21167K, committed 21504K, reserved 1114112K
  class space    used 2303K, committed 2496K, reserved 1048576K
}
Event: 2.031 GC heap after
{Heap after GC invocations=3 (full 0):
 garbage-first heap   total 258048K, used 22908K [0x0000000705e00000, 0x0000000800000000)
  region size 2048K, 8 young (16384K), 8 survivors (16384K)
 Metaspace       used 21167K, committed 21504K, reserved 1114112K
  class space    used 2303K, committed 2496K, reserved 1048576K
}
Event: 2.403 GC heap before
{Heap before GC invocations=4 (full 0):
 garbage-first heap   total 90112K, used 59772K [0x0000000705e00000, 0x0000000800000000)
  region size 2048K, 26 young (53248K), 8 survivors (16384K)
 Metaspace       used 26518K, committed 26880K, reserved 1114112K
  class space    used 2890K, committed 3072K, reserved 1048576K
}
Event: 2.409 GC heap after
{Heap after GC invocations=5 (full 0):
 garbage-first heap   total 90112K, used 31650K [0x0000000705e00000, 0x0000000800000000)
  region size 2048K, 4 young (8192K), 4 survivors (8192K)
 Metaspace       used 26518K, committed 26880K, reserved 1114112K
  class space    used 2890K, committed 3072K, reserved 1048576K
}
Event: 2.417 GC heap before
{Heap before GC invocations=5 (full 0):
 garbage-first heap   total 90112K, used 33698K [0x0000000705e00000, 0x0000000800000000)
  region size 2048K, 5 young (10240K), 4 survivors (8192K)
 Metaspace       used 26525K, committed 26944K, reserved 1114112K
  class space    used 2891K, committed 3072K, reserved 1048576K
}
Event: 2.421 GC heap after
{Heap after GC invocations=6 (full 0):
 garbage-first heap   total 90112K, used 34525K [0x0000000705e00000, 0x0000000800000000)
  region size 2048K, 1 young (2048K), 1 survivors (2048K)
 Metaspace       used 26525K, committed 26944K, reserved 1114112K
  class space    used 2891K, committed 3072K, reserved 1048576K
}
Event: 2.596 GC heap before
{Heap before GC invocations=6 (full 0):
 garbage-first heap   total 90112K, used 61149K [0x0000000705e00000, 0x0000000800000000)
  region size 2048K, 14 young (28672K), 1 survivors (2048K)
 Metaspace       used 27190K, committed 27456K, reserved 1114112K
  class space    used 2956K, committed 3072K, reserved 1048576K
}
Event: 2.601 GC heap after
{Heap after GC invocations=7 (full 0):
 garbage-first heap   total 90112K, used 38815K [0x0000000705e00000, 0x0000000800000000)
  region size 2048K, 2 young (4096K), 2 survivors (4096K)
 Metaspace       used 27190K, committed 27456K, reserved 1114112K
  class space    used 2956K, committed 3072K, reserved 1048576K
}
Event: 2.832 GC heap before
{Heap before GC invocations=7 (full 0):
 garbage-first heap   total 90112K, used 61343K [0x0000000705e00000, 0x0000000800000000)
  region size 2048K, 14 young (28672K), 2 survivors (4096K)
 Metaspace       used 28295K, committed 28608K, reserved 1114112K
  class space    used 3066K, committed 3200K, reserved 1048576K
}
Event: 2.837 GC heap after
{Heap after GC invocations=8 (full 0):
 garbage-first heap   total 180224K, used 41614K [0x0000000705e00000, 0x0000000800000000)
  region size 2048K, 2 young (4096K), 2 survivors (4096K)
 Metaspace       used 28295K, committed 28608K, reserved 1114112K
  class space    used 3066K, committed 3200K, reserved 1048576K
}
Event: 3.369 GC heap before
{Heap before GC invocations=8 (full 0):
 garbage-first heap   total 180224K, used 121486K [0x0000000705e00000, 0x0000000800000000)
  region size 2048K, 42 young (86016K), 2 survivors (4096K)
 Metaspace       used 30375K, committed 30848K, reserved 1114112K
  class space    used 3264K, committed 3456K, reserved 1048576K
}
Event: 3.373 GC heap after
{Heap after GC invocations=9 (full 0):
 garbage-first heap   total 180224K, used 43138K [0x0000000705e00000, 0x0000000800000000)
  region size 2048K, 3 young (6144K), 3 survivors (6144K)
 Metaspace       used 30375K, committed 30848K, reserved 1114112K
  class space    used 3264K, committed 3456K, reserved 1048576K
}
Event: 4.186 GC heap before
{Heap before GC invocations=9 (full 0):
 garbage-first heap   total 180224K, used 133250K [0x0000000705e00000, 0x0000000800000000)
  region size 2048K, 45 young (92160K), 3 survivors (6144K)
 Metaspace       used 32919K, committed 33536K, reserved 1114112K
  class space    used 3535K, committed 3840K, reserved 1048576K
}
Event: 4.195 GC heap after
{Heap after GC invocations=10 (full 0):
 garbage-first heap   total 180224K, used 61297K [0x0000000705e00000, 0x0000000800000000)
  region size 2048K, 6 young (12288K), 6 survivors (12288K)
 Metaspace       used 32919K, committed 33536K, reserved 1114112K
  class space    used 3535K, committed 3840K, reserved 1048576K
}
Event: 4.734 GC heap before
{Heap before GC invocations=10 (full 0):
 garbage-first heap   total 180224K, used 128881K [0x0000000705e00000, 0x0000000800000000)
  region size 2048K, 39 young (79872K), 6 survivors (12288K)
 Metaspace       used 34797K, committed 35392K, reserved 1114112K
  class space    used 3727K, committed 4032K, reserved 1048576K
}
Event: 4.739 GC heap after
{Heap after GC invocations=11 (full 0):
 garbage-first heap   total 180224K, used 63681K [0x0000000705e00000, 0x0000000800000000)
  region size 2048K, 3 young (6144K), 3 survivors (6144K)
 Metaspace       used 34797K, committed 35392K, reserved 1114112K
  class space    used 3727K, committed 4032K, reserved 1048576K
}
Event: 4.830 GC heap before
{Heap before GC invocations=11 (full 0):
 garbage-first heap   total 180224K, used 67777K [0x0000000705e00000, 0x0000000800000000)
  region size 2048K, 6 young (12288K), 3 survivors (6144K)
 Metaspace       used 35616K, committed 36160K, reserved 1114112K
  class space    used 3801K, committed 4096K, reserved 1048576K
}
Event: 4.832 GC heap after
{Heap after GC invocations=12 (full 0):
 garbage-first heap   total 180224K, used 63464K [0x0000000705e00000, 0x0000000800000000)
  region size 2048K, 3 young (6144K), 3 survivors (6144K)
 Metaspace       used 35616K, committed 36160K, reserved 1114112K
  class space    used 3801K, committed 4096K, reserved 1048576K
}

