# JRE version: Java(TM) SE Runtime Environment (19.0.2+7) (build 19.0.2+7-44)
# Java VM: Java HotSpot(TM) 64-Bit Server VM (19.0.2+7-44, mixed mode, sharing, tiered, compressed oops, compressed class ptrs, g1 gc, windows-amd64)
GC Precious Log:
 CardTable entry size: 512
 Card Set container configuration: InlinePtr #cards 4 size 8 Array Of Cards #cards 16 size 48 Howl #buckets 8 coarsen threshold 3686 Howl Bitmap #cards 512 size 80 coarsen threshold 460 Card regions per heap region 1 cards per card region 4096
 CPUs: 16 total, 16 available
 Memory: 16004M
 Large Page Support: Disabled
 NUMA Support: Disabled
 Compressed Oops: Enabled (Zero based)
 Heap Region Size: 2M
 Heap Min Capacity: 8M
 Heap Initial Capacity: 252M
 Heap Max Capacity: 4002M
 Pre-touch: Disabled
 Parallel Workers: 13
 Concurrent Workers: 3
 Concurrent Refinement Workers: 13
 Periodic GC: Disabled
Heap:
 garbage-first heap   total 165888K, used 97145K [0x0000000705e00000, 0x0000000800000000)
  region size 2048K, 15 young (30720K), 1 survivors (2048K)
 Metaspace       used 35466K, committed 36032K, reserved 1114112K
  class space    used 3780K, committed 4032K, reserved 1048576K
GC Heap History (20 events):
Event: 2.503 GC heap before
{Heap before GC invocations=2 (full 0):
 garbage-first heap   total 258048K, used 175439K [0x0000000705e00000, 0x0000000800000000)
  region size 2048K, 67 young (137216K), 1 survivors (2048K)
 Metaspace       used 21175K, committed 21504K, reserved 1114112K
  class space    used 2312K, committed 2496K, reserved 1048576K
}
Event: 2.510 GC heap after
{Heap after GC invocations=3 (full 0):
 garbage-first heap   total 258048K, used 22905K [0x0000000705e00000, 0x0000000800000000)
  region size 2048K, 8 young (16384K), 8 survivors (16384K)
 Metaspace       used 21175K, committed 21504K, reserved 1114112K
  class space    used 2312K, committed 2496K, reserved 1048576K
}
Event: 3.080 GC heap before
{Heap before GC invocations=4 (full 0):
 garbage-first heap   total 90112K, used 59769K [0x0000000705e00000, 0x0000000800000000)
  region size 2048K, 26 young (53248K), 8 survivors (16384K)
 Metaspace       used 26496K, committed 26752K, reserved 1114112K
  class space    used 2887K, committed 3008K, reserved 1048576K
}
Event: 3.087 GC heap after
{Heap after GC invocations=5 (full 0):
 garbage-first heap   total 90112K, used 32983K [0x0000000705e00000, 0x0000000800000000)
  region size 2048K, 4 young (8192K), 4 survivors (8192K)
 Metaspace       used 26496K, committed 26752K, reserved 1114112K
  class space    used 2887K, committed 3008K, reserved 1048576K
}
Event: 3.111 GC heap before
{Heap before GC invocations=5 (full 0):
 garbage-first heap   total 90112K, used 35031K [0x0000000705e00000, 0x0000000800000000)
  region size 2048K, 5 young (10240K), 4 survivors (8192K)
 Metaspace       used 26653K, committed 27008K, reserved 1114112K
  class space    used 2907K, committed 3072K, reserved 1048576K
}
Event: 3.115 GC heap after
{Heap after GC invocations=6 (full 0):
 garbage-first heap   total 90112K, used 35282K [0x0000000705e00000, 0x0000000800000000)
  region size 2048K, 1 young (2048K), 1 survivors (2048K)
 Metaspace       used 26653K, committed 27008K, reserved 1114112K
  class space    used 2907K, committed 3072K, reserved 1048576K
}
Event: 3.245 GC heap before
{Heap before GC invocations=6 (full 0):
 garbage-first heap   total 90112K, used 61906K [0x0000000705e00000, 0x0000000800000000)
  region size 2048K, 14 young (28672K), 1 survivors (2048K)
 Metaspace       used 27206K, committed 27520K, reserved 1114112K
  class space    used 2953K, committed 3072K, reserved 1048576K
}
Event: 3.249 GC heap after
{Heap after GC invocations=7 (full 0):
 garbage-first heap   total 90112K, used 39970K [0x0000000705e00000, 0x0000000800000000)
  region size 2048K, 2 young (4096K), 2 survivors (4096K)
 Metaspace       used 27206K, committed 27520K, reserved 1114112K
  class space    used 2953K, committed 3072K, reserved 1048576K
}
Event: 3.486 GC heap before
{Heap before GC invocations=7 (full 0):
 garbage-first heap   total 90112K, used 62498K [0x0000000705e00000, 0x0000000800000000)
  region size 2048K, 14 young (28672K), 2 survivors (4096K)
 Metaspace       used 28334K, committed 28672K, reserved 1114112K
  class space    used 3070K, committed 3200K, reserved 1048576K
}
Event: 3.491 GC heap after
{Heap after GC invocations=8 (full 0):
 garbage-first heap   total 137216K, used 43650K [0x0000000705e00000, 0x0000000800000000)
  region size 2048K, 2 young (4096K), 2 survivors (4096K)
 Metaspace       used 28334K, committed 28672K, reserved 1114112K
  class space    used 3070K, committed 3200K, reserved 1048576K
}
Event: 3.897 GC heap before
{Heap before GC invocations=8 (full 0):
 garbage-first heap   total 137216K, used 92802K [0x0000000705e00000, 0x0000000800000000)
  region size 2048K, 27 young (55296K), 2 survivors (4096K)
 Metaspace       used 30125K, committed 30528K, reserved 1114112K
  class space    used 3254K, committed 3456K, reserved 1048576K
}
Event: 3.901 GC heap after
{Heap after GC invocations=9 (full 0):
 garbage-first heap   total 137216K, used 44808K [0x0000000705e00000, 0x0000000800000000)
  region size 2048K, 2 young (4096K), 2 survivors (4096K)
 Metaspace       used 30125K, committed 30528K, reserved 1114112K
  class space    used 3254K, committed 3456K, reserved 1048576K
}
Event: 4.375 GC heap before
{Heap before GC invocations=9 (full 0):
 garbage-first heap   total 137216K, used 100104K [0x0000000705e00000, 0x0000000800000000)
  region size 2048K, 29 young (59392K), 2 survivors (4096K)
 Metaspace       used 31746K, committed 32256K, reserved 1114112K
  class space    used 3445K, committed 3712K, reserved 1048576K
}
Event: 4.380 GC heap after
{Heap after GC invocations=10 (full 0):
 garbage-first heap   total 137216K, used 47970K [0x0000000705e00000, 0x0000000800000000)
  region size 2048K, 3 young (6144K), 3 survivors (6144K)
 Metaspace       used 31746K, committed 32256K, reserved 1114112K
  class space    used 3445K, committed 3712K, reserved 1048576K
}
Event: 5.067 GC heap before
{Heap before GC invocations=10 (full 0):
 garbage-first heap   total 137216K, used 105314K [0x0000000705e00000, 0x0000000800000000)
  region size 2048K, 30 young (61440K), 3 survivors (6144K)
 Metaspace       used 32914K, committed 33472K, reserved 1114112K
  class space    used 3528K, committed 3776K, reserved 1048576K
}
Event: 5.076 GC heap after
{Heap after GC invocations=11 (full 0):
 garbage-first heap   total 137216K, used 61934K [0x0000000705e00000, 0x0000000800000000)
  region size 2048K, 4 young (8192K), 4 survivors (8192K)
 Metaspace       used 32914K, committed 33472K, reserved 1114112K
  class space    used 3528K, committed 3776K, reserved 1048576K
}
Event: 5.379 GC heap before
{Heap before GC invocations=11 (full 0):
 garbage-first heap   total 137216K, used 100846K [0x0000000705e00000, 0x0000000800000000)
  region size 2048K, 23 young (47104K), 4 survivors (8192K)
 Metaspace       used 33480K, committed 34048K, reserved 1114112K
  class space    used 3602K, committed 3840K, reserved 1048576K
}
Event: 5.384 GC heap after
{Heap after GC invocations=12 (full 0):
 garbage-first heap   total 137216K, used 70376K [0x0000000705e00000, 0x0000000800000000)
  region size 2048K, 3 young (6144K), 3 survivors (6144K)
 Metaspace       used 33480K, committed 34048K, reserved 1114112K
  class space    used 3602K, committed 3840K, reserved 1048576K
}
Event: 5.646 GC heap before
{Heap before GC invocations=12 (full 0):
 garbage-first heap   total 137216K, used 101096K [0x0000000705e00000, 0x0000000800000000)
  region size 2048K, 18 young (36864K), 3 survivors (6144K)
 Metaspace       used 34432K, committed 34944K, reserved 1114112K
  class space    used 3685K, committed 3904K, reserved 1048576K
}
Event: 5.649 GC heap after
{Heap after GC invocations=13 (full 0):
 garbage-first heap   total 165888K, used 70521K [0x0000000705e00000, 0x0000000800000000)
  region size 2048K, 1 young (2048K), 1 survivors (2048K)
 Metaspace       used 34432K, committed 34944K, reserved 1114112K
  class space    used 3685K, committed 3904K, reserved 1048576K
}

