# JRE version: Java(TM) SE Runtime Environment (19.0.2+7) (build 19.0.2+7-44)
# Java VM: Java HotSpot(TM) 64-Bit Server VM (19.0.2+7-44, mixed mode, sharing, tiered, compressed oops, compressed class ptrs, g1 gc, windows-amd64)
GC Precious Log:
 CardTable entry size: 512
 Card Set container configuration: InlinePtr #cards 4 size 8 Array Of Cards #cards 16 size 48 Howl #buckets 8 coarsen threshold 3686 Howl Bitmap #cards 512 size 80 coarsen threshold 460 Card regions per heap region 1 cards per card region 4096
 CPUs: 16 total, 16 available
 Memory: 16005M
 Large Page Support: Disabled
 NUMA Support: Disabled
 Compressed Oops: Enabled (Zero based)
 Heap Region Size: 2M
 Heap Min Capacity: 8M
 Heap Initial Capacity: 252M
 Heap Max Capacity: 4002M
 Pre-touch: Disabled
 Parallel Workers: 13
 Concurrent Workers: 3
 Concurrent Refinement Workers: 13
 Periodic GC: Disabled
Heap:
 garbage-first heap   total 151552K, used 84483K [0x0000000705e00000, 0x0000000800000000)
  region size 2048K, 14 young (28672K), 1 survivors (2048K)
 Metaspace       used 36925K, committed 37504K, reserved 1114112K
  class space    used 3962K, committed 4224K, reserved 1048576K
GC Heap History (20 events):
Event: 2.279 GC heap before
{Heap before GC invocations=2 (full 0):
 garbage-first heap   total 258048K, used 173375K [0x0000000705e00000, 0x0000000800000000)
  region size 2048K, 67 young (137216K), 1 survivors (2048K)
 Metaspace       used 21194K, committed 21504K, reserved 1114112K
  class space    used 2313K, committed 2496K, reserved 1048576K
}
Event: 2.285 GC heap after
{Heap after GC invocations=3 (full 0):
 garbage-first heap   total 258048K, used 22835K [0x0000000705e00000, 0x0000000800000000)
  region size 2048K, 8 young (16384K), 8 survivors (16384K)
 Metaspace       used 21194K, committed 21504K, reserved 1114112K
  class space    used 2313K, committed 2496K, reserved 1048576K
}
Event: 2.667 GC heap before
{Heap before GC invocations=4 (full 0):
 garbage-first heap   total 90112K, used 59699K [0x0000000705e00000, 0x0000000800000000)
  region size 2048K, 26 young (53248K), 8 survivors (16384K)
 Metaspace       used 26659K, committed 27008K, reserved 1114112K
  class space    used 2916K, committed 3072K, reserved 1048576K
}
Event: 2.675 GC heap after
{Heap after GC invocations=5 (full 0):
 garbage-first heap   total 90112K, used 31603K [0x0000000705e00000, 0x0000000800000000)
  region size 2048K, 4 young (8192K), 4 survivors (8192K)
 Metaspace       used 26659K, committed 27008K, reserved 1114112K
  class space    used 2916K, committed 3072K, reserved 1048576K
}
Event: 2.693 GC heap before
{Heap before GC invocations=5 (full 0):
 garbage-first heap   total 90112K, used 33651K [0x0000000705e00000, 0x0000000800000000)
  region size 2048K, 5 young (10240K), 4 survivors (8192K)
 Metaspace       used 26721K, committed 27008K, reserved 1114112K
  class space    used 2923K, committed 3072K, reserved 1048576K
}
Event: 2.697 GC heap after
{Heap after GC invocations=6 (full 0):
 garbage-first heap   total 90112K, used 34341K [0x0000000705e00000, 0x0000000800000000)
  region size 2048K, 1 young (2048K), 1 survivors (2048K)
 Metaspace       used 26721K, committed 27008K, reserved 1114112K
  class space    used 2923K, committed 3072K, reserved 1048576K
}
Event: 2.840 GC heap before
{Heap before GC invocations=6 (full 0):
 garbage-first heap   total 90112K, used 58917K [0x0000000705e00000, 0x0000000800000000)
  region size 2048K, 14 young (28672K), 1 survivors (2048K)
 Metaspace       used 27184K, committed 27520K, reserved 1114112K
  class space    used 2957K, committed 3072K, reserved 1048576K
}
Event: 2.844 GC heap after
{Heap after GC invocations=7 (full 0):
 garbage-first heap   total 90112K, used 38751K [0x0000000705e00000, 0x0000000800000000)
  region size 2048K, 2 young (4096K), 2 survivors (4096K)
 Metaspace       used 27184K, committed 27520K, reserved 1114112K
  class space    used 2957K, committed 3072K, reserved 1048576K
}
Event: 3.129 GC heap before
{Heap before GC invocations=7 (full 0):
 garbage-first heap   total 90112K, used 61279K [0x0000000705e00000, 0x0000000800000000)
  region size 2048K, 14 young (28672K), 2 survivors (4096K)
 Metaspace       used 28862K, committed 29184K, reserved 1114112K
  class space    used 3138K, committed 3264K, reserved 1048576K
}
Event: 3.134 GC heap after
{Heap after GC invocations=8 (full 0):
 garbage-first heap   total 90112K, used 40451K [0x0000000705e00000, 0x0000000800000000)
  region size 2048K, 1 young (2048K), 1 survivors (2048K)
 Metaspace       used 28862K, committed 29184K, reserved 1114112K
  class space    used 3138K, committed 3264K, reserved 1048576K
}
Event: 3.329 GC heap before
{Heap before GC invocations=8 (full 0):
 garbage-first heap   total 90112K, used 65027K [0x0000000705e00000, 0x0000000800000000)
  region size 2048K, 13 young (26624K), 1 survivors (2048K)
 Metaspace       used 29707K, committed 30144K, reserved 1114112K
  class space    used 3243K, committed 3456K, reserved 1048576K
}
Event: 3.331 GC heap after
{Heap after GC invocations=9 (full 0):
 garbage-first heap   total 153600K, used 40994K [0x0000000705e00000, 0x0000000800000000)
  region size 2048K, 1 young (2048K), 1 survivors (2048K)
 Metaspace       used 29707K, committed 30144K, reserved 1114112K
  class space    used 3243K, committed 3456K, reserved 1048576K
}
Event: 3.945 GC heap before
{Heap before GC invocations=10 (full 0):
 garbage-first heap   total 151552K, used 108578K [0x0000000705e00000, 0x0000000800000000)
  region size 2048K, 34 young (69632K), 1 survivors (2048K)
 Metaspace       used 32121K, committed 32640K, reserved 1114112K
  class space    used 3478K, committed 3776K, reserved 1048576K
}
Event: 3.949 GC heap after
{Heap after GC invocations=11 (full 0):
 garbage-first heap   total 151552K, used 42687K [0x0000000705e00000, 0x0000000800000000)
  region size 2048K, 2 young (4096K), 2 survivors (4096K)
 Metaspace       used 32121K, committed 32640K, reserved 1114112K
  class space    used 3478K, committed 3776K, reserved 1048576K
}
Event: 3.955 GC heap before
{Heap before GC invocations=11 (full 0):
 garbage-first heap   total 151552K, used 44735K [0x0000000705e00000, 0x0000000800000000)
  region size 2048K, 3 young (6144K), 2 survivors (4096K)
 Metaspace       used 32125K, committed 32640K, reserved 1114112K
  class space    used 3478K, committed 3776K, reserved 1048576K
}
Event: 3.958 GC heap after
{Heap after GC invocations=12 (full 0):
 garbage-first heap   total 151552K, used 42884K [0x0000000705e00000, 0x0000000800000000)
  region size 2048K, 1 young (2048K), 1 survivors (2048K)
 Metaspace       used 32125K, committed 32640K, reserved 1114112K
  class space    used 3478K, committed 3776K, reserved 1048576K
}
Event: 4.355 GC heap before
{Heap before GC invocations=12 (full 0):
 garbage-first heap   total 151552K, used 112516K [0x0000000705e00000, 0x0000000800000000)
  region size 2048K, 34 young (69632K), 1 survivors (2048K)
 Metaspace       used 32561K, committed 33152K, reserved 1114112K
  class space    used 3505K, committed 3776K, reserved 1048576K
}
Event: 4.361 GC heap after
{Heap after GC invocations=13 (full 0):
 garbage-first heap   total 151552K, used 64163K [0x0000000705e00000, 0x0000000800000000)
  region size 2048K, 5 young (10240K), 5 survivors (10240K)
 Metaspace       used 32561K, committed 33152K, reserved 1114112K
  class space    used 3505K, committed 3776K, reserved 1048576K
}
Event: 4.720 GC heap before
{Heap before GC invocations=13 (full 0):
 garbage-first heap   total 151552K, used 107171K [0x0000000705e00000, 0x0000000800000000)
  region size 2048K, 26 young (53248K), 5 survivors (10240K)
 Metaspace       used 34078K, committed 34688K, reserved 1114112K
  class space    used 3662K, committed 3968K, reserved 1048576K
}
Event: 4.723 GC heap after
{Heap after GC invocations=14 (full 0):
 garbage-first heap   total 151552K, used 61955K [0x0000000705e00000, 0x0000000800000000)
  region size 2048K, 1 young (2048K), 1 survivors (2048K)
 Metaspace       used 34078K, committed 34688K, reserved 1114112K
  class space    used 3662K, committed 3968K, reserved 1048576K
}

