# JRE version: Java(TM) SE Runtime Environment (19.0.2+7) (build 19.0.2+7-44)
# Java VM: Java HotSpot(TM) 64-Bit Server VM (19.0.2+7-44, mixed mode, sharing, tiered, compressed oops, compressed class ptrs, g1 gc, windows-amd64)
GC Precious Log:
 CardTable entry size: 512
 Card Set container configuration: InlinePtr #cards 4 size 8 Array Of Cards #cards 16 size 48 Howl #buckets 8 coarsen threshold 3686 Howl Bitmap #cards 512 size 80 coarsen threshold 460 Card regions per heap region 1 cards per card region 4096
 CPUs: 16 total, 16 available
 Memory: 16005M
 Large Page Support: Disabled
 NUMA Support: Disabled
 Compressed Oops: Enabled (Zero based)
 Heap Region Size: 2M
 Heap Min Capacity: 8M
 Heap Initial Capacity: 252M
 Heap Max Capacity: 4002M
 Pre-touch: Disabled
 Parallel Workers: 13
 Concurrent Workers: 3
 Concurrent Refinement Workers: 13
 Periodic GC: Disabled
Heap:
 garbage-first heap   total 149504K, used 67584K [0x0000000705e00000, 0x0000000800000000)
  region size 2048K, 5 young (10240K), 1 survivors (2048K)
 Metaspace       used 35211K, committed 35776K, reserved 1114112K
  class space    used 3763K, committed 4032K, reserved 1048576K
GC Heap History (20 events):
Event: 1.231 GC heap before
{Heap before GC invocations=1 (full 0):
 garbage-first heap   total 258048K, used 36654K [0x0000000705e00000, 0x0000000800000000)
  region size 2048K, 18 young (36864K), 2 survivors (4096K)
 Metaspace       used 9977K, committed 10112K, reserved 1114112K
  class space    used 1144K, committed 1216K, reserved 1048576K
}
Event: 1.234 GC heap after
{Heap after GC invocations=2 (full 0):
 garbage-first heap   total 258048K, used 5404K [0x0000000705e00000, 0x0000000800000000)
  region size 2048K, 1 young (2048K), 1 survivors (2048K)
 Metaspace       used 9977K, committed 10112K, reserved 1114112K
  class space    used 1144K, committed 1216K, reserved 1048576K
}
Event: 3.147 GC heap before
{Heap before GC invocations=2 (full 0):
 garbage-first heap   total 258048K, used 173340K [0x0000000705e00000, 0x0000000800000000)
  region size 2048K, 67 young (137216K), 1 survivors (2048K)
 Metaspace       used 21201K, committed 21504K, reserved 1114112K
  class space    used 2311K, committed 2496K, reserved 1048576K
}
Event: 3.156 GC heap after
{Heap after GC invocations=3 (full 0):
 garbage-first heap   total 258048K, used 22949K [0x0000000705e00000, 0x0000000800000000)
  region size 2048K, 8 young (16384K), 8 survivors (16384K)
 Metaspace       used 21201K, committed 21504K, reserved 1114112K
  class space    used 2311K, committed 2496K, reserved 1048576K
}
Event: 3.680 GC heap before
{Heap before GC invocations=4 (full 0):
 garbage-first heap   total 90112K, used 57765K [0x0000000705e00000, 0x0000000800000000)
  region size 2048K, 26 young (53248K), 8 survivors (16384K)
 Metaspace       used 26683K, committed 27008K, reserved 1114112K
  class space    used 2915K, committed 3072K, reserved 1048576K
}
Event: 3.688 GC heap after
{Heap after GC invocations=5 (full 0):
 garbage-first heap   total 90112K, used 32639K [0x0000000705e00000, 0x0000000800000000)
  region size 2048K, 4 young (8192K), 4 survivors (8192K)
 Metaspace       used 26683K, committed 27008K, reserved 1114112K
  class space    used 2915K, committed 3072K, reserved 1048576K
}
Event: 3.705 GC heap before
{Heap before GC invocations=5 (full 0):
 garbage-first heap   total 90112K, used 32639K [0x0000000705e00000, 0x0000000800000000)
  region size 2048K, 5 young (10240K), 4 survivors (8192K)
 Metaspace       used 26757K, committed 27136K, reserved 1114112K
  class space    used 2923K, committed 3072K, reserved 1048576K
}
Event: 3.708 GC heap after
{Heap after GC invocations=6 (full 0):
 garbage-first heap   total 90112K, used 33453K [0x0000000705e00000, 0x0000000800000000)
  region size 2048K, 1 young (2048K), 1 survivors (2048K)
 Metaspace       used 26757K, committed 27136K, reserved 1114112K
  class space    used 2923K, committed 3072K, reserved 1048576K
}
Event: 3.829 GC heap before
{Heap before GC invocations=6 (full 0):
 garbage-first heap   total 90112K, used 60077K [0x0000000705e00000, 0x0000000800000000)
  region size 2048K, 14 young (28672K), 1 survivors (2048K)
 Metaspace       used 27227K, committed 27520K, reserved 1114112K
  class space    used 2957K, committed 3072K, reserved 1048576K
}
Event: 3.833 GC heap after
{Heap after GC invocations=7 (full 0):
 garbage-first heap   total 90112K, used 37734K [0x0000000705e00000, 0x0000000800000000)
  region size 2048K, 2 young (4096K), 2 survivors (4096K)
 Metaspace       used 27227K, committed 27520K, reserved 1114112K
  class space    used 2957K, committed 3072K, reserved 1048576K
}
Event: 4.100 GC heap before
{Heap before GC invocations=7 (full 0):
 garbage-first heap   total 90112K, used 60262K [0x0000000705e00000, 0x0000000800000000)
  region size 2048K, 14 young (28672K), 2 survivors (4096K)
 Metaspace       used 28924K, committed 29248K, reserved 1114112K
  class space    used 3140K, committed 3264K, reserved 1048576K
}
Event: 4.104 GC heap after
{Heap after GC invocations=8 (full 0):
 garbage-first heap   total 149504K, used 39144K [0x0000000705e00000, 0x0000000800000000)
  region size 2048K, 1 young (2048K), 1 survivors (2048K)
 Metaspace       used 28924K, committed 29248K, reserved 1114112K
  class space    used 3140K, committed 3264K, reserved 1048576K
}
Event: 4.488 GC heap before
{Heap before GC invocations=8 (full 0):
 garbage-first heap   total 149504K, used 100584K [0x0000000705e00000, 0x0000000800000000)
  region size 2048K, 31 young (63488K), 1 survivors (2048K)
 Metaspace       used 30171K, committed 30656K, reserved 1114112K
  class space    used 3252K, committed 3520K, reserved 1048576K
}
Event: 4.490 GC heap after
{Heap after GC invocations=9 (full 0):
 garbage-first heap   total 149504K, used 40046K [0x0000000705e00000, 0x0000000800000000)
  region size 2048K, 2 young (4096K), 2 survivors (4096K)
 Metaspace       used 30171K, committed 30656K, reserved 1114112K
  class space    used 3252K, committed 3520K, reserved 1048576K
}
Event: 5.207 GC heap before
{Heap before GC invocations=9 (full 0):
 garbage-first heap   total 149504K, used 105582K [0x0000000705e00000, 0x0000000800000000)
  region size 2048K, 33 young (67584K), 2 survivors (4096K)
 Metaspace       used 32563K, committed 33088K, reserved 1114112K
  class space    used 3508K, committed 3776K, reserved 1048576K
}
Event: 5.213 GC heap after
{Heap after GC invocations=10 (full 0):
 garbage-first heap   total 149504K, used 51174K [0x0000000705e00000, 0x0000000800000000)
  region size 2048K, 5 young (10240K), 5 survivors (10240K)
 Metaspace       used 32563K, committed 33088K, reserved 1114112K
  class space    used 3508K, committed 3776K, reserved 1048576K
}
Event: 5.591 GC heap before
{Heap before GC invocations=10 (full 0):
 garbage-first heap   total 149504K, used 106470K [0x0000000705e00000, 0x0000000800000000)
  region size 2048K, 32 young (65536K), 5 survivors (10240K)
 Metaspace       used 33433K, committed 34048K, reserved 1114112K
  class space    used 3604K, committed 3904K, reserved 1048576K
}
Event: 5.598 GC heap after
{Heap after GC invocations=11 (full 0):
 garbage-first heap   total 149504K, used 63481K [0x0000000705e00000, 0x0000000800000000)
  region size 2048K, 4 young (8192K), 4 survivors (8192K)
 Metaspace       used 33433K, committed 34048K, reserved 1114112K
  class space    used 3604K, committed 3904K, reserved 1048576K
}
Event: 6.062 GC heap before
{Heap before GC invocations=11 (full 0):
 garbage-first heap   total 149504K, used 108537K [0x0000000705e00000, 0x0000000800000000)
  region size 2048K, 27 young (55296K), 4 survivors (8192K)
 Metaspace       used 35667K, committed 36160K, reserved 1114112K
  class space    used 3794K, committed 4032K, reserved 1048576K
}
Event: 6.065 GC heap after
{Heap after GC invocations=12 (full 0):
 garbage-first heap   total 149504K, used 61440K [0x0000000705e00000, 0x0000000800000000)
  region size 2048K, 1 young (2048K), 1 survivors (2048K)
 Metaspace       used 35667K, committed 36160K, reserved 1114112K
  class space    used 3794K, committed 4032K, reserved 1048576K
}

